<html>
<head>
<title>TestNG:  TestSuite</title>
<link href="../testng.css" rel="stylesheet" type="text/css" />
<link href="../my-testng.css" rel="stylesheet" type="text/css" />

<style type="text/css">
.log { display: none;} 
.stack-trace { display: none;} 
</style>
<script type="text/javascript">
<!--
function flip(e) {
  current = e.style.display;
  if (current == 'block') {
    e.style.display = 'none';
    return 0;
  }
  else {
    e.style.display = 'block';
    return 1;
  }
}

function toggleBox(szDivId, elem, msg1, msg2)
{
  var res = -1;  if (document.getElementById) {
    res = flip(document.getElementById(szDivId));
  }
  else if (document.all) {
    // this is the way old msie versions work
    res = flip(document.all[szDivId]);
  }
  if(elem) {
    if(res == 0) elem.innerHTML = msg1; else elem.innerHTML = msg2;
  }

}

function toggleAllBoxes() {
  if (document.getElementsByTagName) {
    d = document.getElementsByTagName('div');
    for (i = 0; i < d.length; i++) {
      if (d[i].className == 'log') {
        flip(d[i]);
      }
    }
  }
}

// -->
</script>

</head>
<body>
<h2 align='center'>TestSuite</h2><table border='1' align="center">
<tr>
<td>Tests passed/Failed/Skipped:</td><td>44/1/0</td>
</tr><tr>
<td>Started on:</td><td>Mon Dec 31 16:14:10 IST 2018</td>
</tr>
<tr><td>Total time:</td><td>1402 seconds (1402524 ms)</td>
</tr><tr>
<td>Included groups:</td><td></td>
</tr><tr>
<td>Excluded groups:</td><td></td>
</tr>
</table><p/>
<small><i>(Hover the method name to see the test class name)</i></small><p/>
<table width='100%' border='1' class='invocation-failed'>
<tr><td colspan='4' align='center'><b>FAILED TESTS</b></td></tr>
<tr><td><b>Test method</b></td>
<td width="30%"><b>Exception</b></td>
<td width="10%"><b>Time (seconds)</b></td>
<td><b>Instance</b></td>
</tr>
<tr>
<td title='com.rqanrs.qa.testcases.OpenResumePageTest.deleteAnnotationsToBeAnnotatedTabResume()'><b>deleteAnnotationsToBeAnnotatedTabResume</b><br>Test class: com.rqanrs.qa.testcases.OpenResumePageTest</td>
<td><div><pre>org.openqa.selenium.NoSuchElementException: no such element: Unable to locate element: {&quot;method&quot;:&quot;xpath&quot;,&quot;selector&quot;:&quot;//*[@id=&apos;projectAnnotation&apos;]/li/a/span&quot;}
  (Session info: chrome=63.0.3239.132)
  (Driver info: chromedriver=2.35.528139 (47ead77cb35ad2a9a83248b292151462a66cd881),platform=Linux 4.4.0-93-generic x86_64) (WARNING: The server did not provide any stacktrace information)
Command duration or timeout: 0 milliseconds
For documentation on this error, please visit: https://www.seleniumhq.org/exceptions/no_such_element.html
Build info: version: &apos;3.141.59&apos;, revision: &apos;e82be7d358&apos;, time: &apos;2018-11-14T08:17:03&apos;
System info: host: &apos;ULTP-478&apos;, ip: &apos;127.0.0.1&apos;, os.name: &apos;Linux&apos;, os.arch: &apos;amd64&apos;, os.version: &apos;4.4.0-93-generic&apos;, java.version: &apos;1.8.0_171&apos;
Driver info: org.openqa.selenium.chrome.ChromeDriver
Capabilities {acceptInsecureCerts: false, acceptSslCerts: false, applicationCacheEnabled: false, browserConnectionEnabled: false, browserName: chrome, chrome: {chromedriverVersion: 2.35.528139 (47ead77cb35ad2..., userDataDir: /tmp/.org.chromium.Chromium...}, cssSelectorsEnabled: true, databaseEnabled: false, handlesAlerts: true, hasTouchScreen: false, javascriptEnabled: true, locationContextEnabled: true, mobileEmulationEnabled: false, nativeEvents: true, networkConnectionEnabled: false, pageLoadStrategy: normal, platform: LINUX, platformName: LINUX, rotatable: false, setWindowRect: true, takesHeapSnapshot: true, takesScreenshot: true, unexpectedAlertBehaviour: , unhandledPromptBehavior: , version: 63.0.3239.132, webStorageEnabled: true}
Session ID: b3539c8168e51777c26334c6bf3e9e34
*** Element info: {Using=xpath, value=//*[@id=&apos;projectAnnotation&apos;]/li/a/span}
	at org.openqa.selenium.remote.ErrorHandler.createThrowable(ErrorHandler.java:214)
	at org.openqa.selenium.remote.ErrorHandler.throwIfResponseFailed(ErrorHandler.java:166)
	at org.openqa.selenium.remote.http.JsonHttpResponseCodec.reconstructValue(JsonHttpResponseCodec.java:40)
	at org.openqa.selenium.remote.http.AbstractHttpResponseCodec.decode(AbstractHttpResponseCodec.java:80)
	at org.openqa.selenium.remote.http.AbstractHttpResponseCodec.decode(AbstractHttpResponseCodec.java:44)
	at org.openqa.selenium.remote.HttpCommandExecutor.execute(HttpCommandExecutor.java:158)
	at org.openqa.selenium.remote.service.DriverCommandExecutor.execute(DriverCommandExecutor.java:83)
	at org.openqa.selenium.remote.RemoteWebDriver.execute(RemoteWebDriver.java:552)
	at org.openqa.selenium.remote.RemoteWebDriver.findElement(RemoteWebDriver.java:323)
	at org.openqa.selenium.remote.RemoteWebDriver.findElementByXPath(RemoteWebDriver.java:428)
	at org.openqa.selenium.By$ByXPath.findElement(By.java:353)
	at org.openqa.selenium.remote.RemoteWebDriver.findElement(RemoteWebDriver.java:315)
	at org.openqa.selenium.support.events.EventFiringWebDriver.lambda$new$1(EventFiringWebDriver.java:105)
	at com.sun.proxy.$Proxy8.findElement(Unknown Source)
	at org.openqa.selenium.support.events.EventFiringWebDriver.findElement(EventFiringWebDriver.java:194)
	at com.rqanrs.qa.pages.OpenResumePage.verifyDeletingAnnotations(OpenResumePage.java:168)
	at com.rqanrs.qa.testcases.OpenResumePageTest.deleteAnnotationsToBeAnnotatedTabResume(OpenResumePageTest.java:62)
... Removed 32 stack frames</pre></div><a href='#' onClick='toggleBox("stack-trace811843176", this, "Click to show all stack frames", "Click to hide stack frames")'>Click to show all stack frames</a>
<div class='stack-trace' id='stack-trace811843176'><pre>org.openqa.selenium.NoSuchElementException: no such element: Unable to locate element: {&quot;method&quot;:&quot;xpath&quot;,&quot;selector&quot;:&quot;//*[@id=&apos;projectAnnotation&apos;]/li/a/span&quot;}
  (Session info: chrome=63.0.3239.132)
  (Driver info: chromedriver=2.35.528139 (47ead77cb35ad2a9a83248b292151462a66cd881),platform=Linux 4.4.0-93-generic x86_64) (WARNING: The server did not provide any stacktrace information)
Command duration or timeout: 0 milliseconds
For documentation on this error, please visit: https://www.seleniumhq.org/exceptions/no_such_element.html
Build info: version: &apos;3.141.59&apos;, revision: &apos;e82be7d358&apos;, time: &apos;2018-11-14T08:17:03&apos;
System info: host: &apos;ULTP-478&apos;, ip: &apos;127.0.0.1&apos;, os.name: &apos;Linux&apos;, os.arch: &apos;amd64&apos;, os.version: &apos;4.4.0-93-generic&apos;, java.version: &apos;1.8.0_171&apos;
Driver info: org.openqa.selenium.chrome.ChromeDriver
Capabilities {acceptInsecureCerts: false, acceptSslCerts: false, applicationCacheEnabled: false, browserConnectionEnabled: false, browserName: chrome, chrome: {chromedriverVersion: 2.35.528139 (47ead77cb35ad2..., userDataDir: /tmp/.org.chromium.Chromium...}, cssSelectorsEnabled: true, databaseEnabled: false, handlesAlerts: true, hasTouchScreen: false, javascriptEnabled: true, locationContextEnabled: true, mobileEmulationEnabled: false, nativeEvents: true, networkConnectionEnabled: false, pageLoadStrategy: normal, platform: LINUX, platformName: LINUX, rotatable: false, setWindowRect: true, takesHeapSnapshot: true, takesScreenshot: true, unexpectedAlertBehaviour: , unhandledPromptBehavior: , version: 63.0.3239.132, webStorageEnabled: true}
Session ID: b3539c8168e51777c26334c6bf3e9e34
*** Element info: {Using=xpath, value=//*[@id=&apos;projectAnnotation&apos;]/li/a/span}
	at sun.reflect.NativeConstructorAccessorImpl.newInstance0(Native Method)
	at sun.reflect.NativeConstructorAccessorImpl.newInstance(NativeConstructorAccessorImpl.java:62)
	at sun.reflect.DelegatingConstructorAccessorImpl.newInstance(DelegatingConstructorAccessorImpl.java:45)
	at java.lang.reflect.Constructor.newInstance(Constructor.java:423)
	at org.openqa.selenium.remote.ErrorHandler.createThrowable(ErrorHandler.java:214)
	at org.openqa.selenium.remote.ErrorHandler.throwIfResponseFailed(ErrorHandler.java:166)
	at org.openqa.selenium.remote.http.JsonHttpResponseCodec.reconstructValue(JsonHttpResponseCodec.java:40)
	at org.openqa.selenium.remote.http.AbstractHttpResponseCodec.decode(AbstractHttpResponseCodec.java:80)
	at org.openqa.selenium.remote.http.AbstractHttpResponseCodec.decode(AbstractHttpResponseCodec.java:44)
	at org.openqa.selenium.remote.HttpCommandExecutor.execute(HttpCommandExecutor.java:158)
	at org.openqa.selenium.remote.service.DriverCommandExecutor.execute(DriverCommandExecutor.java:83)
	at org.openqa.selenium.remote.RemoteWebDriver.execute(RemoteWebDriver.java:552)
	at org.openqa.selenium.remote.RemoteWebDriver.findElement(RemoteWebDriver.java:323)
	at org.openqa.selenium.remote.RemoteWebDriver.findElementByXPath(RemoteWebDriver.java:428)
	at org.openqa.selenium.By$ByXPath.findElement(By.java:353)
	at org.openqa.selenium.remote.RemoteWebDriver.findElement(RemoteWebDriver.java:315)
	at sun.reflect.GeneratedMethodAccessor4.invoke(Unknown Source)
	at sun.reflect.DelegatingMethodAccessorImpl.invoke(DelegatingMethodAccessorImpl.java:43)
	at java.lang.reflect.Method.invoke(Method.java:498)
	at org.openqa.selenium.support.events.EventFiringWebDriver.lambda$new$1(EventFiringWebDriver.java:105)
	at com.sun.proxy.$Proxy8.findElement(Unknown Source)
	at org.openqa.selenium.support.events.EventFiringWebDriver.findElement(EventFiringWebDriver.java:194)
	at com.rqanrs.qa.pages.OpenResumePage.verifyDeletingAnnotations(OpenResumePage.java:168)
	at com.rqanrs.qa.testcases.OpenResumePageTest.deleteAnnotationsToBeAnnotatedTabResume(OpenResumePageTest.java:62)
	at sun.reflect.NativeMethodAccessorImpl.invoke0(Native Method)
	at sun.reflect.NativeMethodAccessorImpl.invoke(NativeMethodAccessorImpl.java:62)
	at sun.reflect.DelegatingMethodAccessorImpl.invoke(DelegatingMethodAccessorImpl.java:43)
	at java.lang.reflect.Method.invoke(Method.java:498)
	at org.testng.internal.MethodInvocationHelper.invokeMethod(MethodInvocationHelper.java:124)
	at org.testng.internal.Invoker.invokeMethod(Invoker.java:580)
	at org.testng.internal.Invoker.invokeTestMethod(Invoker.java:716)
	at org.testng.internal.Invoker.invokeTestMethods(Invoker.java:988)
	at org.testng.internal.TestMethodWorker.invokeTestMethods(TestMethodWorker.java:125)
	at org.testng.internal.TestMethodWorker.run(TestMethodWorker.java:109)
	at org.testng.TestRunner.privateRun(TestRunner.java:648)
	at org.testng.TestRunner.run(TestRunner.java:505)
	at org.testng.SuiteRunner.runTest(SuiteRunner.java:455)
	at org.testng.SuiteRunner.runSequentially(SuiteRunner.java:450)
	at org.testng.SuiteRunner.privateRun(SuiteRunner.java:415)
	at org.testng.SuiteRunner.run(SuiteRunner.java:364)
	at org.testng.SuiteRunnerWorker.runSuite(SuiteRunnerWorker.java:52)
	at org.testng.SuiteRunnerWorker.run(SuiteRunnerWorker.java:84)
	at org.testng.TestNG.runSuitesSequentially(TestNG.java:1208)
	at org.testng.TestNG.runSuitesLocally(TestNG.java:1137)
	at org.testng.TestNG.runSuites(TestNG.java:1049)
	at org.testng.TestNG.run(TestNG.java:1017)
	at org.testng.remote.AbstractRemoteTestNG.run(AbstractRemoteTestNG.java:114)
	at org.testng.remote.RemoteTestNG.initAndRun(RemoteTestNG.java:251)
	at org.testng.remote.RemoteTestNG.main(RemoteTestNG.java:77)
</pre></div></td>
<td>113</td>
<td>com.rqanrs.qa.testcases.OpenResumePageTest@5f2108b5</td></tr>
</table><p>
<table width='100%' border='1' class='invocation-passed'>
<tr><td colspan='4' align='center'><b>PASSED TESTS</b></td></tr>
<tr><td><b>Test method</b></td>
<td width="30%"><b>Exception</b></td>
<td width="10%"><b>Time (seconds)</b></td>
<td><b>Instance</b></td>
</tr>
<tr>
<td title='com.rqanrs.qa.testcases.OpenJobPageTest.MoveToPipelineFromAnnotatedTabJDTest()'><b>MoveToPipelineFromAnnotatedTabJDTest</b><br>Test class: com.rqanrs.qa.testcases.OpenJobPageTest</td>
<td></td>
<td>2</td>
<td>com.rqanrs.qa.testcases.OpenJobPageTest@6fd02e5</td></tr>
<tr>
<td title='com.rqanrs.qa.testcases.ManageResumesPageTest.addToTrackerTest()'><b>addToTrackerTest</b><br>Test class: com.rqanrs.qa.testcases.ManageResumesPageTest</td>
<td></td>
<td>6</td>
<td>com.rqanrs.qa.testcases.ManageResumesPageTest@e45f292</td></tr>
<tr>
<td title='com.rqanrs.qa.testcases.ManageJobsTest.automatedJobCreationTest()'><b>automatedJobCreationTest</b><br>Test class: com.rqanrs.qa.testcases.ManageJobsTest</td>
<td></td>
<td>4</td>
<td>com.rqanrs.qa.testcases.ManageJobsTest@5700d6b1</td></tr>
<tr>
<td title='com.rqanrs.qa.testcases.OpenJobPageTest.backToCorpusFromAnnotatedTabJDTest()'><b>backToCorpusFromAnnotatedTabJDTest</b><br>Test class: com.rqanrs.qa.testcases.OpenJobPageTest</td>
<td></td>
<td>0</td>
<td>com.rqanrs.qa.testcases.OpenJobPageTest@6fd02e5</td></tr>
<tr>
<td title='com.rqanrs.qa.testcases.OpenJobToBeAnnotatedPageTest.backToCorpusFromToBeAnnotatedTabJDTest()'><b>backToCorpusFromToBeAnnotatedTabJDTest</b><br>Test class: com.rqanrs.qa.testcases.OpenJobToBeAnnotatedPageTest</td>
<td></td>
<td>0</td>
<td>com.rqanrs.qa.testcases.OpenJobToBeAnnotatedPageTest@5bcab519</td></tr>
<tr>
<td title='com.rqanrs.qa.testcases.OpenResumeModelHtmlPageTest.backtoCorpusFromModelHtmlTabTest()'><b>backtoCorpusFromModelHtmlTabTest</b><br>Test class: com.rqanrs.qa.testcases.OpenResumeModelHtmlPageTest</td>
<td></td>
<td>0</td>
<td>com.rqanrs.qa.testcases.OpenResumeModelHtmlPageTest@31a5c39e</td></tr>
<tr>
<td title='com.rqanrs.qa.testcases.OpenResumePageTest.backtoCorpusToBeAnnotatedTabResume()'><b>backtoCorpusToBeAnnotatedTabResume</b><br>Test class: com.rqanrs.qa.testcases.OpenResumePageTest</td>
<td></td>
<td>3</td>
<td>com.rqanrs.qa.testcases.OpenResumePageTest@5f2108b5</td></tr>
<tr>
<td title='com.rqanrs.qa.testcases.ManageResumesPageTest.deleteResumeTest()'><b>deleteResumeTest</b><br>Test class: com.rqanrs.qa.testcases.ManageResumesPageTest</td>
<td></td>
<td>6</td>
<td>com.rqanrs.qa.testcases.ManageResumesPageTest@e45f292</td></tr>
<tr>
<td title='com.rqanrs.qa.testcases.DeletingCreatedTestDataTest.deleteTestDataTest()'><b>deleteTestDataTest</b><br>Test class: com.rqanrs.qa.testcases.DeletingCreatedTestDataTest</td>
<td></td>
<td>12</td>
<td>com.rqanrs.qa.testcases.DeletingCreatedTestDataTest@3f49dace</td></tr>
<tr>
<td title='com.rqanrs.qa.testcases.ManageJobsTest.downloadTrackerTest()'><b>downloadTrackerTest</b><br>Test class: com.rqanrs.qa.testcases.ManageJobsTest</td>
<td></td>
<td>3</td>
<td>com.rqanrs.qa.testcases.ManageJobsTest@5700d6b1</td></tr>
<tr>
<td title='com.rqanrs.qa.testcases.OpenResumeModelHtmlPageTest.exportDocumenttoSolrTest()'><b>exportDocumenttoSolrTest</b><br>Test class: com.rqanrs.qa.testcases.OpenResumeModelHtmlPageTest</td>
<td></td>
<td>7</td>
<td>com.rqanrs.qa.testcases.OpenResumeModelHtmlPageTest@31a5c39e</td></tr>
<tr>
<td title='com.rqanrs.qa.testcases.OpenResumeModelHtmlPageTest.fillupCandidateInformationTest()'><b>fillupCandidateInformationTest</b><br>Test class: com.rqanrs.qa.testcases.OpenResumeModelHtmlPageTest</td>
<td></td>
<td>9</td>
<td>com.rqanrs.qa.testcases.OpenResumeModelHtmlPageTest@31a5c39e</td></tr>
<tr>
<td title='com.rqanrs.qa.testcases.OpenResumeModelHtmlPageTest.fillupMissingInformationTest()'><b>fillupMissingInformationTest</b><br>Test class: com.rqanrs.qa.testcases.OpenResumeModelHtmlPageTest</td>
<td></td>
<td>5</td>
<td>com.rqanrs.qa.testcases.OpenResumeModelHtmlPageTest@31a5c39e</td></tr>
<tr>
<td title='com.rqanrs.qa.testcases.OpenJobToBeAnnotatedPageTest.finishEditingJDTest()'><b>finishEditingJDTest</b><br>Test class: com.rqanrs.qa.testcases.OpenJobToBeAnnotatedPageTest</td>
<td></td>
<td>5</td>
<td>com.rqanrs.qa.testcases.OpenJobToBeAnnotatedPageTest@5bcab519</td></tr>
<tr>
<td title='com.rqanrs.qa.testcases.ManageResumesPageTest.folderUploadTest()'><b>folderUploadTest</b><br>Test class: com.rqanrs.qa.testcases.ManageResumesPageTest</td>
<td></td>
<td>86</td>
<td>com.rqanrs.qa.testcases.ManageResumesPageTest@e45f292</td></tr>
<tr>
<td title='com.rqanrs.qa.testcases.OpenResumePageTest.goldButtonClickFromToBeAnnotatedTabResume()'><b>goldButtonClickFromToBeAnnotatedTabResume</b><br>Test class: com.rqanrs.qa.testcases.OpenResumePageTest</td>
<td></td>
<td>5</td>
<td>com.rqanrs.qa.testcases.OpenResumePageTest@5f2108b5</td></tr>
<tr>
<td title='com.rqanrs.qa.testcases.ManageJobsTest.goldClickFromManageJobsCorpusTest()'><b>goldClickFromManageJobsCorpusTest</b><br>Test class: com.rqanrs.qa.testcases.ManageJobsTest</td>
<td></td>
<td>2</td>
<td>com.rqanrs.qa.testcases.ManageJobsTest@5700d6b1</td></tr>
<tr>
<td title='com.rqanrs.qa.testcases.OpenResumeModelHtmlPageTest.goldClickFromModelHtmlTabTest()'><b>goldClickFromModelHtmlTabTest</b><br>Test class: com.rqanrs.qa.testcases.OpenResumeModelHtmlPageTest</td>
<td></td>
<td>5</td>
<td>com.rqanrs.qa.testcases.OpenResumeModelHtmlPageTest@31a5c39e</td></tr>
<tr>
<td title='com.rqanrs.qa.testcases.LoginPageTest.loginPageTitleTest()'><b>loginPageTitleTest</b><br>Test class: com.rqanrs.qa.testcases.LoginPageTest</td>
<td></td>
<td>0</td>
<td>com.rqanrs.qa.testcases.LoginPageTest@1ce92674</td></tr>
<tr>
<td title='com.rqanrs.qa.testcases.LoginPageTest.loginTest()'><b>loginTest</b><br>Test class: com.rqanrs.qa.testcases.LoginPageTest<br>Parameters: vaishnavi@rezoomex.com, vaishnavi@0363</td>
<td></td>
<td>1</td>
<td>com.rqanrs.qa.testcases.LoginPageTest@1ce92674</td></tr>
<tr>
<td title='com.rqanrs.qa.testcases.LoginPageTest.loginTest()'><b>loginTest</b><br>Test class: com.rqanrs.qa.testcases.LoginPageTest<br>Parameters: ankit@rezoomex.com, ankit@4625</td>
<td></td>
<td>1</td>
<td>com.rqanrs.qa.testcases.LoginPageTest@1ce92674</td></tr>
<tr>
<td title='com.rqanrs.qa.testcases.OpenJobPageTest.logoutFromAnnotatedTabJDTest()'><b>logoutFromAnnotatedTabJDTest</b><br>Test class: com.rqanrs.qa.testcases.OpenJobPageTest</td>
<td></td>
<td>2</td>
<td>com.rqanrs.qa.testcases.OpenJobPageTest@6fd02e5</td></tr>
<tr>
<td title='com.rqanrs.qa.testcases.ManageJobsTest.logoutFromManageJobsCorpusTest()'><b>logoutFromManageJobsCorpusTest</b><br>Test class: com.rqanrs.qa.testcases.ManageJobsTest</td>
<td></td>
<td>2</td>
<td>com.rqanrs.qa.testcases.ManageJobsTest@5700d6b1</td></tr>
<tr>
<td title='com.rqanrs.qa.testcases.OpenResumeModelHtmlPageTest.logoutFromModelHtmlTabTest()'><b>logoutFromModelHtmlTabTest</b><br>Test class: com.rqanrs.qa.testcases.OpenResumeModelHtmlPageTest</td>
<td></td>
<td>5</td>
<td>com.rqanrs.qa.testcases.OpenResumeModelHtmlPageTest@31a5c39e</td></tr>
<tr>
<td title='com.rqanrs.qa.testcases.OpenJobToBeAnnotatedPageTest.logoutFromToBeAnnotatedTabJDTest()'><b>logoutFromToBeAnnotatedTabJDTest</b><br>Test class: com.rqanrs.qa.testcases.OpenJobToBeAnnotatedPageTest</td>
<td></td>
<td>0</td>
<td>com.rqanrs.qa.testcases.OpenJobToBeAnnotatedPageTest@5bcab519</td></tr>
<tr>
<td title='com.rqanrs.qa.testcases.OpenResumePageTest.logoutFromToBeAnnotatedTabResume()'><b>logoutFromToBeAnnotatedTabResume</b><br>Test class: com.rqanrs.qa.testcases.OpenResumePageTest</td>
<td></td>
<td>5</td>
<td>com.rqanrs.qa.testcases.OpenResumePageTest@5f2108b5</td></tr>
<tr>
<td title='com.rqanrs.qa.testcases.ManageJobsTest.manualJobCreationTest()'><b>manualJobCreationTest</b><br>Test class: com.rqanrs.qa.testcases.ManageJobsTest</td>
<td></td>
<td>4</td>
<td>com.rqanrs.qa.testcases.ManageJobsTest@5700d6b1</td></tr>
<tr>
<td title='com.rqanrs.qa.testcases.ManageResumesPageTest.moveToGoldTest()'><b>moveToGoldTest</b><br>Test class: com.rqanrs.qa.testcases.ManageResumesPageTest</td>
<td></td>
<td>6</td>
<td>com.rqanrs.qa.testcases.ManageResumesPageTest@e45f292</td></tr>
<tr>
<td title='com.rqanrs.qa.testcases.OpenJobToBeAnnotatedPageTest.moveToPipelineFromToBeAnnotatedTabJDTest()'><b>moveToPipelineFromToBeAnnotatedTabJDTest</b><br>Test class: com.rqanrs.qa.testcases.OpenJobToBeAnnotatedPageTest</td>
<td></td>
<td>0</td>
<td>com.rqanrs.qa.testcases.OpenJobToBeAnnotatedPageTest@5bcab519</td></tr>
<tr>
<td title='com.rqanrs.qa.testcases.ManageResumesPageTest.opeingResumeTest()'><b>opeingResumeTest</b><br>Test class: com.rqanrs.qa.testcases.ManageResumesPageTest</td>
<td></td>
<td>6</td>
<td>com.rqanrs.qa.testcases.ManageResumesPageTest@e45f292</td></tr>
<tr>
<td title='com.rqanrs.qa.testcases.ManageJobsTest.openingJobTest()'><b>openingJobTest</b><br>Test class: com.rqanrs.qa.testcases.ManageJobsTest</td>
<td></td>
<td>5</td>
<td>com.rqanrs.qa.testcases.ManageJobsTest@5700d6b1</td></tr>
<tr>
<td title='com.rqanrs.qa.testcases.ManageJobsTest.processJobTest()'><b>processJobTest</b><br>Test class: com.rqanrs.qa.testcases.ManageJobsTest</td>
<td></td>
<td>10</td>
<td>com.rqanrs.qa.testcases.ManageJobsTest@5700d6b1</td></tr>
<tr>
<td title='com.rqanrs.qa.testcases.ManageResumesPageTest.quickTrackerDownloadTest()'><b>quickTrackerDownloadTest</b><br>Test class: com.rqanrs.qa.testcases.ManageResumesPageTest</td>
<td></td>
<td>6</td>
<td>com.rqanrs.qa.testcases.ManageResumesPageTest@e45f292</td></tr>
<tr>
<td title='com.rqanrs.qa.testcases.OpenResumeModelHtmlPageTest.redirecttosolrFromModelHtmlTabTest()'><b>redirecttosolrFromModelHtmlTabTest</b><br>Test class: com.rqanrs.qa.testcases.OpenResumeModelHtmlPageTest</td>
<td></td>
<td>5</td>
<td>com.rqanrs.qa.testcases.OpenResumeModelHtmlPageTest@31a5c39e</td></tr>
<tr>
<td title='com.rqanrs.qa.testcases.ManageJobsTest.refreshManageJobsCorpusTest()'><b>refreshManageJobsCorpusTest</b><br>Test class: com.rqanrs.qa.testcases.ManageJobsTest</td>
<td></td>
<td>10</td>
<td>com.rqanrs.qa.testcases.ManageJobsTest@5700d6b1</td></tr>
<tr>
<td title='com.rqanrs.qa.testcases.ManageResumesPageTest.refreshManageResumesCorpusTest()'><b>refreshManageResumesCorpusTest</b><br>Test class: com.rqanrs.qa.testcases.ManageResumesPageTest</td>
<td></td>
<td>6</td>
<td>com.rqanrs.qa.testcases.ManageResumesPageTest@e45f292</td></tr>
<tr>
<td title='com.rqanrs.qa.testcases.OpenJobToBeAnnotatedPageTest.savingJDTest()'><b>savingJDTest</b><br>Test class: com.rqanrs.qa.testcases.OpenJobToBeAnnotatedPageTest</td>
<td></td>
<td>5</td>
<td>com.rqanrs.qa.testcases.OpenJobToBeAnnotatedPageTest@5bcab519</td></tr>
<tr>
<td title='com.rqanrs.qa.testcases.ManageResumesPageTest.singleUploadTest()'><b>singleUploadTest</b><br>Test class: com.rqanrs.qa.testcases.ManageResumesPageTest</td>
<td></td>
<td>36</td>
<td>com.rqanrs.qa.testcases.ManageResumesPageTest@e45f292</td></tr>
<tr>
<td title='com.rqanrs.qa.testcases.ManageJobsTest.solrRedirectFromManageJobsCorpusTest()'><b>solrRedirectFromManageJobsCorpusTest</b><br>Test class: com.rqanrs.qa.testcases.ManageJobsTest</td>
<td></td>
<td>12</td>
<td>com.rqanrs.qa.testcases.ManageJobsTest@5700d6b1</td></tr>
<tr>
<td title='com.rqanrs.qa.testcases.OpenResumePageTest.solrRedirectFromTobeAnnotatedTabofResume()'><b>solrRedirectFromTobeAnnotatedTabofResume</b><br>Test class: com.rqanrs.qa.testcases.OpenResumePageTest</td>
<td></td>
<td>5</td>
<td>com.rqanrs.qa.testcases.OpenResumePageTest@5f2108b5</td></tr>
<tr>
<td title='com.rqanrs.qa.testcases.OpenJobToBeAnnotatedPageTest.standardizingJDTest()'><b>standardizingJDTest</b><br>Test class: com.rqanrs.qa.testcases.OpenJobToBeAnnotatedPageTest</td>
<td></td>
<td>20</td>
<td>com.rqanrs.qa.testcases.OpenJobToBeAnnotatedPageTest@5bcab519</td></tr>
<tr>
<td title='com.rqanrs.qa.testcases.ManageResumesPageTest.suitabilityTrackerDownloadTest()'><b>suitabilityTrackerDownloadTest</b><br>Test class: com.rqanrs.qa.testcases.ManageResumesPageTest</td>
<td></td>
<td>6</td>
<td>com.rqanrs.qa.testcases.ManageResumesPageTest@e45f292</td></tr>
<tr>
<td title='com.rqanrs.qa.testcases.ManageJobsTest.trackJobTest()'><b>trackJobTest</b><br>Test class: com.rqanrs.qa.testcases.ManageJobsTest</td>
<td></td>
<td>9</td>
<td>com.rqanrs.qa.testcases.ManageJobsTest@5700d6b1</td></tr>
<tr>
<td title='com.rqanrs.qa.testcases.OpenJobToBeAnnotatedPageTest.updateJDFormTest()'><b>updateJDFormTest</b><br>Test class: com.rqanrs.qa.testcases.OpenJobToBeAnnotatedPageTest</td>
<td></td>
<td>68</td>
<td>com.rqanrs.qa.testcases.OpenJobToBeAnnotatedPageTest@5bcab519</td></tr>
</table><p>
</body>
</html>