<?xml version="1.0" encoding="UTF-8"?>
<!-- Generated by org.testng.reporters.JUnitXMLReporter -->
<testsuite hostname="ULTP-478" ignored="0" name="Test" tests="30" failures="0" timestamp="13 Dec 2018 10:52:19 GMT" time="834.008" errors="0">
  <testcase name="@BeforeMethod setup" time="96.74" classname="com.rqanrs.qa.testcases.ManageJobsTest">
    <failure type="org.openqa.selenium.TimeoutException" message="timeout
  (Session info: chrome=63.0.3239.132)
  (Driver info: chromedriver=2.35.528139 (47ead77cb35ad2a9a83248b292151462a66cd881),platform=Linux 4.4.0-93-generic x86_64) (WARNING: The server did not provide any stacktrace information)
Command duration or timeout: 0 milliseconds
Build info: version: &amp;apos;3.141.59&amp;apos;, revision: &amp;apos;e82be7d358&amp;apos;, time: &amp;apos;2018-11-14T08:17:03&amp;apos;
System info: host: &amp;apos;ULTP-478&amp;apos;, ip: &amp;apos;127.0.0.1&amp;apos;, os.name: &amp;apos;Linux&amp;apos;, os.arch: &amp;apos;amd64&amp;apos;, os.version: &amp;apos;4.4.0-93-generic&amp;apos;, java.version: &amp;apos;1.8.0_171&amp;apos;
Driver info: org.openqa.selenium.chrome.ChromeDriver
Capabilities {acceptInsecureCerts: false, acceptSslCerts: false, applicationCacheEnabled: false, browserConnectionEnabled: false, browserName: chrome, chrome: {chromedriverVersion: 2.35.528139 (47ead77cb35ad2..., userDataDir: /tmp/.org.chromium.Chromium...}, cssSelectorsEnabled: true, databaseEnabled: false, handlesAlerts: true, hasTouchScreen: false, javascriptEnabled: true, locationContextEnabled: true, mobileEmulationEnabled: false, nativeEvents: true, networkConnectionEnabled: false, pageLoadStrategy: normal, platform: LINUX, platformName: LINUX, rotatable: false, setWindowRect: true, takesHeapSnapshot: true, takesScreenshot: true, unexpectedAlertBehaviour: , unhandledPromptBehavior: , version: 63.0.3239.132, webStorageEnabled: true}
Session ID: 8db66b73730ada360985b25c718f8a55">
      <![CDATA[org.openqa.selenium.TimeoutException: timeout
  (Session info: chrome=63.0.3239.132)
  (Driver info: chromedriver=2.35.528139 (47ead77cb35ad2a9a83248b292151462a66cd881),platform=Linux 4.4.0-93-generic x86_64) (WARNING: The server did not provide any stacktrace information)
Command duration or timeout: 0 milliseconds
Build info: version: '3.141.59', revision: 'e82be7d358', time: '2018-11-14T08:17:03'
System info: host: 'ULTP-478', ip: '127.0.0.1', os.name: 'Linux', os.arch: 'amd64', os.version: '4.4.0-93-generic', java.version: '1.8.0_171'
Driver info: org.openqa.selenium.chrome.ChromeDriver
Capabilities {acceptInsecureCerts: false, acceptSslCerts: false, applicationCacheEnabled: false, browserConnectionEnabled: false, browserName: chrome, chrome: {chromedriverVersion: 2.35.528139 (47ead77cb35ad2..., userDataDir: /tmp/.org.chromium.Chromium...}, cssSelectorsEnabled: true, databaseEnabled: false, handlesAlerts: true, hasTouchScreen: false, javascriptEnabled: true, locationContextEnabled: true, mobileEmulationEnabled: false, nativeEvents: true, networkConnectionEnabled: false, pageLoadStrategy: normal, platform: LINUX, platformName: LINUX, rotatable: false, setWindowRect: true, takesHeapSnapshot: true, takesScreenshot: true, unexpectedAlertBehaviour: , unhandledPromptBehavior: , version: 63.0.3239.132, webStorageEnabled: true}
Session ID: 8db66b73730ada360985b25c718f8a55
at org.openqa.selenium.remote.ErrorHandler.createThrowable(ErrorHandler.java:214)
at org.openqa.selenium.remote.ErrorHandler.throwIfResponseFailed(ErrorHandler.java:166)
at org.openqa.selenium.remote.http.JsonHttpResponseCodec.reconstructValue(JsonHttpResponseCodec.java:40)
at org.openqa.selenium.remote.http.AbstractHttpResponseCodec.decode(AbstractHttpResponseCodec.java:80)
at org.openqa.selenium.remote.http.AbstractHttpResponseCodec.decode(AbstractHttpResponseCodec.java:44)
at org.openqa.selenium.remote.HttpCommandExecutor.execute(HttpCommandExecutor.java:158)
at org.openqa.selenium.remote.service.DriverCommandExecutor.execute(DriverCommandExecutor.java:83)
at org.openqa.selenium.remote.RemoteWebDriver.execute(RemoteWebDriver.java:552)
at org.openqa.selenium.remote.RemoteWebDriver.execute(RemoteWebDriver.java:609)
at org.openqa.selenium.remote.RemoteWebDriver.getScreenshotAs(RemoteWebDriver.java:295)
at org.openqa.selenium.support.events.EventFiringWebDriver.lambda$new$1(EventFiringWebDriver.java:105)
at com.sun.proxy.$Proxy8.getScreenshotAs(Unknown Source)
at org.openqa.selenium.support.events.EventFiringWebDriver.getScreenshotAs(EventFiringWebDriver.java:302)
at com.rqanrs.qa.util.TestUtil.takeScreenshotAtEndOfTest(TestUtil.java:69)
at com.rqanrs.qa.util.WebEventListener.onException(WebEventListener.java:55)
at org.openqa.selenium.support.events.EventFiringWebDriver.lambda$new$0(EventFiringWebDriver.java:84)
at com.sun.proxy.$Proxy7.onException(Unknown Source)
at org.openqa.selenium.support.events.EventFiringWebDriver.lambda$new$1(EventFiringWebDriver.java:107)
at com.sun.proxy.$Proxy8.getScreenshotAs(Unknown Source)
at org.openqa.selenium.support.events.EventFiringWebDriver.getScreenshotAs(EventFiringWebDriver.java:302)
at com.rqanrs.qa.util.TestUtil.takeScreenshotAtEndOfTest(TestUtil.java:69)
at com.rqanrs.qa.util.WebEventListener.onException(WebEventListener.java:55)
at org.openqa.selenium.support.events.EventFiringWebDriver.lambda$new$0(EventFiringWebDriver.java:84)
at com.sun.proxy.$Proxy7.onException(Unknown Source)
at org.openqa.selenium.support.events.EventFiringWebDriver.lambda$new$1(EventFiringWebDriver.java:107)
at com.sun.proxy.$Proxy8.getScreenshotAs(Unknown Source)
at org.openqa.selenium.support.events.EventFiringWebDriver.getScreenshotAs(EventFiringWebDriver.java:302)
at com.rqanrs.qa.util.TestUtil.takeScreenshotAtEndOfTest(TestUtil.java:69)
at com.rqanrs.qa.util.WebEventListener.onException(WebEventListener.java:55)
at org.openqa.selenium.support.events.EventFiringWebDriver.lambda$new$0(EventFiringWebDriver.java:84)
at com.sun.proxy.$Proxy7.onException(Unknown Source)
at org.openqa.selenium.support.events.EventFiringWebDriver.lambda$new$1(EventFiringWebDriver.java:107)
at com.sun.proxy.$Proxy8.get(Unknown Source)
at org.openqa.selenium.support.events.EventFiringWebDriver.get(EventFiringWebDriver.java:165)
at com.rqanrs.qa.base.Testbase.initialization(Testbase.java:66)
at com.rqanrs.qa.testcases.ManageJobsTest.setup(ManageJobsTest.java:31)
... Removed 48 stack frames]]>
    </failure>
  </testcase> <!-- @BeforeMethod setup -->
  <testcase name="@AfterMethod tearDown" time="0.0" classname="com.rqanrs.qa.testcases.ManageJobsTest">
    <skipped/>
  </testcase> <!-- @AfterMethod tearDown -->
  <testcase name="@BeforeMethod setup" time="0.0" classname="com.rqanrs.qa.testcases.ManageJobsTest">
    <skipped/>
  </testcase> <!-- @BeforeMethod setup -->
  <testcase name="@AfterMethod tearDown" time="0.0" classname="com.rqanrs.qa.testcases.ManageJobsTest">
    <skipped/>
  </testcase> <!-- @AfterMethod tearDown -->
  <testcase name="@BeforeMethod setup" time="0.0" classname="com.rqanrs.qa.testcases.ManageJobsTest">
    <skipped/>
  </testcase> <!-- @BeforeMethod setup -->
  <testcase name="@AfterMethod tearDown" time="0.0" classname="com.rqanrs.qa.testcases.ManageJobsTest">
    <skipped/>
  </testcase> <!-- @AfterMethod tearDown -->
  <testcase name="@BeforeMethod setup" time="0.0" classname="com.rqanrs.qa.testcases.ManageJobsTest">
    <skipped/>
  </testcase> <!-- @BeforeMethod setup -->
  <testcase name="@AfterMethod tearDown" time="0.0" classname="com.rqanrs.qa.testcases.ManageJobsTest">
    <skipped/>
  </testcase> <!-- @AfterMethod tearDown -->
  <testcase name="@BeforeMethod setup" time="0.0" classname="com.rqanrs.qa.testcases.ManageJobsTest">
    <skipped/>
  </testcase> <!-- @BeforeMethod setup -->
  <testcase name="@AfterMethod tearDown" time="0.0" classname="com.rqanrs.qa.testcases.ManageJobsTest">
    <skipped/>
  </testcase> <!-- @AfterMethod tearDown -->
  <testcase name="@BeforeMethod setup" time="0.0" classname="com.rqanrs.qa.testcases.ManageJobsTest">
    <skipped/>
  </testcase> <!-- @BeforeMethod setup -->
  <testcase name="@AfterMethod tearDown" time="0.0" classname="com.rqanrs.qa.testcases.ManageJobsTest">
    <skipped/>
  </testcase> <!-- @AfterMethod tearDown -->
  <testcase name="@BeforeMethod setup" time="0.0" classname="com.rqanrs.qa.testcases.ManageJobsTest">
    <skipped/>
  </testcase> <!-- @BeforeMethod setup -->
  <testcase name="@AfterMethod tearDown" time="0.0" classname="com.rqanrs.qa.testcases.ManageJobsTest">
    <skipped/>
  </testcase> <!-- @AfterMethod tearDown -->
  <testcase name="@BeforeMethod setup" time="0.0" classname="com.rqanrs.qa.testcases.ManageJobsTest">
    <skipped/>
  </testcase> <!-- @BeforeMethod setup -->
  <testcase name="@AfterMethod tearDown" time="0.0" classname="com.rqanrs.qa.testcases.ManageJobsTest">
    <skipped/>
  </testcase> <!-- @AfterMethod tearDown -->
  <testcase name="loginPageTitleTest" time="0.065" classname="com.rqanrs.qa.testcases.LoginPageTest"/>
  <testcase name="loginTest" time="1.12" classname="com.rqanrs.qa.testcases.LoginPageTest"/>
  <testcase name="loginTest" time="1.025" classname="com.rqanrs.qa.testcases.LoginPageTest"/>
  <testcase name="automatedJobCreationTest" time="0.0" classname="com.rqanrs.qa.testcases.ManageJobsTest">
    <skipped/>
  </testcase> <!-- automatedJobCreationTest -->
  <testcase name="manualJobCreationTest" time="0.0" classname="com.rqanrs.qa.testcases.ManageJobsTest">
    <skipped/>
  </testcase> <!-- manualJobCreationTest -->
  <testcase name="processJobTest" time="0.0" classname="com.rqanrs.qa.testcases.ManageJobsTest">
    <skipped/>
  </testcase> <!-- processJobTest -->
  <testcase name="refreshManageJobsCorpusTest" time="0.0" classname="com.rqanrs.qa.testcases.ManageJobsTest">
    <skipped/>
  </testcase> <!-- refreshManageJobsCorpusTest -->
  <testcase name="trackJobTest" time="0.0" classname="com.rqanrs.qa.testcases.ManageJobsTest">
    <skipped/>
  </testcase> <!-- trackJobTest -->
  <testcase name="downloadTrackerTest" time="0.0" classname="com.rqanrs.qa.testcases.ManageJobsTest">
    <skipped/>
  </testcase> <!-- downloadTrackerTest -->
  <testcase name="deletingJobTest" time="0.0" classname="com.rqanrs.qa.testcases.ManageJobsTest">
    <skipped/>
  </testcase> <!-- deletingJobTest -->
  <testcase name="openingJobTest" time="0.0" classname="com.rqanrs.qa.testcases.ManageJobsTest">
    <skipped/>
  </testcase> <!-- openingJobTest -->
  <testcase name="backToCorpusFromAnnotatedTabJDTest" time="1.42" classname="com.rqanrs.qa.testcases.OpenJobPageTest"/>
  <testcase name="logoutFromAnnotatedTabJDTest" time="2.115" classname="com.rqanrs.qa.testcases.OpenJobPageTest"/>
  <testcase name="MoveToPipelineFromAnnotatedTabJDTest" time="2.067" classname="com.rqanrs.qa.testcases.OpenJobPageTest"/>
  <testcase name="savingJDTest" time="5.073" classname="com.rqanrs.qa.testcases.OpenJobToBeAnnotatedPageTest"/>
  <testcase name="finishEditingJDTest" time="5.187" classname="com.rqanrs.qa.testcases.OpenJobToBeAnnotatedPageTest"/>
  <testcase name="standardizingJDTest" time="20.19" classname="com.rqanrs.qa.testcases.OpenJobToBeAnnotatedPageTest"/>
  <testcase name="updateJDFormTest" time="180.652" classname="com.rqanrs.qa.testcases.OpenJobToBeAnnotatedPageTest"/>
  <testcase name="backToCorpusFromToBeAnnotatedTabJDTest" time="0.188" classname="com.rqanrs.qa.testcases.OpenJobToBeAnnotatedPageTest"/>
  <testcase name="moveToPipelineFromToBeAnnotatedTabJDTest" time="0.094" classname="com.rqanrs.qa.testcases.OpenJobToBeAnnotatedPageTest"/>
  <testcase name="logoutFromToBeAnnotatedTabJDTest" time="0.089" classname="com.rqanrs.qa.testcases.OpenJobToBeAnnotatedPageTest"/>
  <testcase name="folderUploadTest" time="86.117" classname="com.rqanrs.qa.testcases.ManageResumesPageTest"/>
  <testcase name="singleUploadTest" time="36.116" classname="com.rqanrs.qa.testcases.ManageResumesPageTest"/>
  <testcase name="refreshManageResumesCorpusTest" time="6.082" classname="com.rqanrs.qa.testcases.ManageResumesPageTest"/>
  <testcase name="quickTrackerDownloadTest" time="6.073" classname="com.rqanrs.qa.testcases.ManageResumesPageTest"/>
  <testcase name="suitabilityTrackerDownloadTest" time="6.076" classname="com.rqanrs.qa.testcases.ManageResumesPageTest"/>
  <testcase name="addToTrackerTest" time="6.069" classname="com.rqanrs.qa.testcases.ManageResumesPageTest"/>
  <testcase name="deleteResumeTest" time="6.077" classname="com.rqanrs.qa.testcases.ManageResumesPageTest"/>
  <testcase name="moveToGoldTest" time="6.075" classname="com.rqanrs.qa.testcases.ManageResumesPageTest"/>
  <testcase name="opeingResumeTest" time="6.068" classname="com.rqanrs.qa.testcases.ManageResumesPageTest"/>
</testsuite> <!-- Test -->
