<!DOCTYPE html>

<html>
  <head>
  <meta charset='utf-8'>
  <title>TestNG reports</title>

    <link type="text/css" href="testng-reports.css" rel="stylesheet" />
    <script type="text/javascript" src="jquery-1.7.1.min.js"></script>
    <script type="text/javascript" src="testng-reports.js"></script>
    <script type="text/javascript" src="https://www.google.com/jsapi"></script>
    <script type='text/javascript'>
      google.load('visualization', '1', {packages:['table']});
      google.setOnLoadCallback(drawTable);
      var suiteTableInitFunctions = new Array();
      var suiteTableData = new Array();
    </script>
    <!--
      <script type="text/javascript" src="jquery-ui/js/jquery-ui-1.8.16.custom.min.js"></script>
     -->
  </head>

  <body>
    <div class="top-banner-root">
      <span class="top-banner-title-font">Test results</span>
      <br/>
      <span class="top-banner-font-1">1 suite</span>
    </div> <!-- top-banner-root -->
    <div class="navigator-root">
      <div class="navigator-suite-header">
        <span>All suites</span>
        <a href="#" class="collapse-all-link" title="Collapse/expand all the suites">
          <img class="collapse-all-icon" src="collapseall.gif">
          </img> <!-- collapse-all-icon -->
        </a> <!-- collapse-all-link -->
      </div> <!-- navigator-suite-header -->
      <div class="suite">
        <div class="rounded-window">
          <div class="suite-header light-rounded-window-top">
            <a href="#" class="navigator-link" panel-name="suite-Rezoomex_Quick_Assessment_and_Ranking_System_Automation">
              <span class="suite-name border-skipped">Rezoomex Quick Assessment and Ranking System Automation</span>
            </a> <!-- navigator-link -->
          </div> <!-- suite-header light-rounded-window-top -->
          <div class="navigator-suite-content">
            <div class="suite-section-title">
              <span>Info</span>
            </div> <!-- suite-section-title -->
            <div class="suite-section-content">
              <ul>
                <li>
                  <a href="#" class="navigator-link " panel-name="test-xml-Rezoomex_Quick_Assessment_and_Ranking_System_Automation">
                    <span>testng.xml</span>
                  </a> <!-- navigator-link  -->
                </li>
                <li>
                  <a href="#" class="navigator-link " panel-name="testlist-Rezoomex_Quick_Assessment_and_Ranking_System_Automation">
                    <span class="test-stats">1 test</span>
                  </a> <!-- navigator-link  -->
                </li>
                <li>
                  <a href="#" class="navigator-link " panel-name="group-Rezoomex_Quick_Assessment_and_Ranking_System_Automation">
                    <span>0 groups</span>
                  </a> <!-- navigator-link  -->
                </li>
                <li>
                  <a href="#" class="navigator-link " panel-name="times-Rezoomex_Quick_Assessment_and_Ranking_System_Automation">
                    <span>Times</span>
                  </a> <!-- navigator-link  -->
                </li>
                <li>
                  <a href="#" class="navigator-link " panel-name="reporter-Rezoomex_Quick_Assessment_and_Ranking_System_Automation">
                    <span>Reporter output</span>
                  </a> <!-- navigator-link  -->
                </li>
                <li>
                  <a href="#" class="navigator-link " panel-name="ignored-methods-Rezoomex_Quick_Assessment_and_Ranking_System_Automation">
                    <span>Ignored methods</span>
                  </a> <!-- navigator-link  -->
                </li>
                <li>
                  <a href="#" class="navigator-link " panel-name="chronological-Rezoomex_Quick_Assessment_and_Ranking_System_Automation">
                    <span>Chronological view</span>
                  </a> <!-- navigator-link  -->
                </li>
              </ul>
            </div> <!-- suite-section-content -->
            <div class="result-section">
              <div class="suite-section-title">
                <span>Results</span>
              </div> <!-- suite-section-title -->
              <div class="suite-section-content">
                <ul>
                  <li>
                    <span class="method-stats">30 methods,  8 skipped,  22 passed</span>
                  </li>
                  <li>
                    <span class="method-list-title skipped">Skipped methods</span>
                    <span class="show-or-hide-methods skipped">
                      <a href="#" panel-name="suite-Rezoomex_Quick_Assessment_and_Ranking_System_Automation" class="hide-methods skipped suite-Rezoomex_Quick_Assessment_and_Ranking_System_Automation"> (hide)</a> <!-- hide-methods skipped suite-Rezoomex_Quick_Assessment_and_Ranking_System_Automation -->
                      <a href="#" panel-name="suite-Rezoomex_Quick_Assessment_and_Ranking_System_Automation" class="show-methods skipped suite-Rezoomex_Quick_Assessment_and_Ranking_System_Automation"> (show)</a> <!-- show-methods skipped suite-Rezoomex_Quick_Assessment_and_Ranking_System_Automation -->
                    </span>
                    <div class="method-list-content skipped suite-Rezoomex_Quick_Assessment_and_Ranking_System_Automation">
                      <span>
                        <img width="3%" src="skipped.png"/>
                        <a href="#" class="method navigator-link" panel-name="suite-Rezoomex_Quick_Assessment_and_Ranking_System_Automation" title="com.rqanrs.qa.testcases.ManageJobsTest" hash-for-method="automatedJobCreationTest">automatedJobCreationTest</a> <!-- method navigator-link -->
                      </span>
                      <br/>
                      <span>
                        <img width="3%" src="skipped.png"/>
                        <a href="#" class="method navigator-link" panel-name="suite-Rezoomex_Quick_Assessment_and_Ranking_System_Automation" title="com.rqanrs.qa.testcases.ManageJobsTest" hash-for-method="deletingJobTest">deletingJobTest</a> <!-- method navigator-link -->
                      </span>
                      <br/>
                      <span>
                        <img width="3%" src="skipped.png"/>
                        <a href="#" class="method navigator-link" panel-name="suite-Rezoomex_Quick_Assessment_and_Ranking_System_Automation" title="com.rqanrs.qa.testcases.ManageJobsTest" hash-for-method="downloadTrackerTest">downloadTrackerTest</a> <!-- method navigator-link -->
                      </span>
                      <br/>
                      <span>
                        <img width="3%" src="skipped.png"/>
                        <a href="#" class="method navigator-link" panel-name="suite-Rezoomex_Quick_Assessment_and_Ranking_System_Automation" title="com.rqanrs.qa.testcases.ManageJobsTest" hash-for-method="manualJobCreationTest">manualJobCreationTest</a> <!-- method navigator-link -->
                      </span>
                      <br/>
                      <span>
                        <img width="3%" src="skipped.png"/>
                        <a href="#" class="method navigator-link" panel-name="suite-Rezoomex_Quick_Assessment_and_Ranking_System_Automation" title="com.rqanrs.qa.testcases.ManageJobsTest" hash-for-method="openingJobTest">openingJobTest</a> <!-- method navigator-link -->
                      </span>
                      <br/>
                      <span>
                        <img width="3%" src="skipped.png"/>
                        <a href="#" class="method navigator-link" panel-name="suite-Rezoomex_Quick_Assessment_and_Ranking_System_Automation" title="com.rqanrs.qa.testcases.ManageJobsTest" hash-for-method="processJobTest">processJobTest</a> <!-- method navigator-link -->
                      </span>
                      <br/>
                      <span>
                        <img width="3%" src="skipped.png"/>
                        <a href="#" class="method navigator-link" panel-name="suite-Rezoomex_Quick_Assessment_and_Ranking_System_Automation" title="com.rqanrs.qa.testcases.ManageJobsTest" hash-for-method="refreshManageJobsCorpusTest">refreshManageJobsCorpusTest</a> <!-- method navigator-link -->
                      </span>
                      <br/>
                      <span>
                        <img width="3%" src="skipped.png"/>
                        <a href="#" class="method navigator-link" panel-name="suite-Rezoomex_Quick_Assessment_and_Ranking_System_Automation" title="com.rqanrs.qa.testcases.ManageJobsTest" hash-for-method="trackJobTest">trackJobTest</a> <!-- method navigator-link -->
                      </span>
                      <br/>
                    </div> <!-- method-list-content skipped suite-Rezoomex_Quick_Assessment_and_Ranking_System_Automation -->
                  </li>
                  <li>
                    <span class="method-list-title passed">Passed methods</span>
                    <span class="show-or-hide-methods passed">
                      <a href="#" panel-name="suite-Rezoomex_Quick_Assessment_and_Ranking_System_Automation" class="hide-methods passed suite-Rezoomex_Quick_Assessment_and_Ranking_System_Automation"> (hide)</a> <!-- hide-methods passed suite-Rezoomex_Quick_Assessment_and_Ranking_System_Automation -->
                      <a href="#" panel-name="suite-Rezoomex_Quick_Assessment_and_Ranking_System_Automation" class="show-methods passed suite-Rezoomex_Quick_Assessment_and_Ranking_System_Automation"> (show)</a> <!-- show-methods passed suite-Rezoomex_Quick_Assessment_and_Ranking_System_Automation -->
                    </span>
                    <div class="method-list-content passed suite-Rezoomex_Quick_Assessment_and_Ranking_System_Automation">
                      <span>
                        <img width="3%" src="passed.png"/>
                        <a href="#" class="method navigator-link" panel-name="suite-Rezoomex_Quick_Assessment_and_Ranking_System_Automation" title="com.rqanrs.qa.testcases.OpenJobPageTest" hash-for-method="MoveToPipelineFromAnnotatedTabJDTest">MoveToPipelineFromAnnotatedTabJDTest</a> <!-- method navigator-link -->
                      </span>
                      <br/>
                      <span>
                        <img width="3%" src="passed.png"/>
                        <a href="#" class="method navigator-link" panel-name="suite-Rezoomex_Quick_Assessment_and_Ranking_System_Automation" title="com.rqanrs.qa.testcases.ManageResumesPageTest" hash-for-method="addToTrackerTest">addToTrackerTest</a> <!-- method navigator-link -->
                      </span>
                      <br/>
                      <span>
                        <img width="3%" src="passed.png"/>
                        <a href="#" class="method navigator-link" panel-name="suite-Rezoomex_Quick_Assessment_and_Ranking_System_Automation" title="com.rqanrs.qa.testcases.OpenJobPageTest" hash-for-method="backToCorpusFromAnnotatedTabJDTest">backToCorpusFromAnnotatedTabJDTest</a> <!-- method navigator-link -->
                      </span>
                      <br/>
                      <span>
                        <img width="3%" src="passed.png"/>
                        <a href="#" class="method navigator-link" panel-name="suite-Rezoomex_Quick_Assessment_and_Ranking_System_Automation" title="com.rqanrs.qa.testcases.OpenJobToBeAnnotatedPageTest" hash-for-method="backToCorpusFromToBeAnnotatedTabJDTest">backToCorpusFromToBeAnnotatedTabJDTest</a> <!-- method navigator-link -->
                      </span>
                      <br/>
                      <span>
                        <img width="3%" src="passed.png"/>
                        <a href="#" class="method navigator-link" panel-name="suite-Rezoomex_Quick_Assessment_and_Ranking_System_Automation" title="com.rqanrs.qa.testcases.ManageResumesPageTest" hash-for-method="deleteResumeTest">deleteResumeTest</a> <!-- method navigator-link -->
                      </span>
                      <br/>
                      <span>
                        <img width="3%" src="passed.png"/>
                        <a href="#" class="method navigator-link" panel-name="suite-Rezoomex_Quick_Assessment_and_Ranking_System_Automation" title="com.rqanrs.qa.testcases.OpenJobToBeAnnotatedPageTest" hash-for-method="finishEditingJDTest">finishEditingJDTest</a> <!-- method navigator-link -->
                      </span>
                      <br/>
                      <span>
                        <img width="3%" src="passed.png"/>
                        <a href="#" class="method navigator-link" panel-name="suite-Rezoomex_Quick_Assessment_and_Ranking_System_Automation" title="com.rqanrs.qa.testcases.ManageResumesPageTest" hash-for-method="folderUploadTest">folderUploadTest</a> <!-- method navigator-link -->
                      </span>
                      <br/>
                      <span>
                        <img width="3%" src="passed.png"/>
                        <a href="#" class="method navigator-link" panel-name="suite-Rezoomex_Quick_Assessment_and_Ranking_System_Automation" title="com.rqanrs.qa.testcases.LoginPageTest" hash-for-method="loginPageTitleTest">loginPageTitleTest</a> <!-- method navigator-link -->
                      </span>
                      <br/>
                      <span>
                        <img width="3%" src="passed.png"/>
                        <a href="#" class="method navigator-link" panel-name="suite-Rezoomex_Quick_Assessment_and_Ranking_System_Automation" title="com.rqanrs.qa.testcases.LoginPageTest" hash-for-method="loginTest(ankit@rezoomex.com, ankit@4625)">loginTest(ankit@rezoomex.com, ankit@4625)</a> <!-- method navigator-link -->
                      </span>
                      <br/>
                      <span>
                        <img width="3%" src="passed.png"/>
                        <a href="#" class="method navigator-link" panel-name="suite-Rezoomex_Quick_Assessment_and_Ranking_System_Automation" title="com.rqanrs.qa.testcases.LoginPageTest" hash-for-method="loginTest(vaishnavi@rezoomex.com, vaishnavi@0363)">loginTest(vaishnavi@rezoomex.com, vaishnavi@0363)</a> <!-- method navigator-link -->
                      </span>
                      <br/>
                      <span>
                        <img width="3%" src="passed.png"/>
                        <a href="#" class="method navigator-link" panel-name="suite-Rezoomex_Quick_Assessment_and_Ranking_System_Automation" title="com.rqanrs.qa.testcases.OpenJobPageTest" hash-for-method="logoutFromAnnotatedTabJDTest">logoutFromAnnotatedTabJDTest</a> <!-- method navigator-link -->
                      </span>
                      <br/>
                      <span>
                        <img width="3%" src="passed.png"/>
                        <a href="#" class="method navigator-link" panel-name="suite-Rezoomex_Quick_Assessment_and_Ranking_System_Automation" title="com.rqanrs.qa.testcases.OpenJobToBeAnnotatedPageTest" hash-for-method="logoutFromToBeAnnotatedTabJDTest">logoutFromToBeAnnotatedTabJDTest</a> <!-- method navigator-link -->
                      </span>
                      <br/>
                      <span>
                        <img width="3%" src="passed.png"/>
                        <a href="#" class="method navigator-link" panel-name="suite-Rezoomex_Quick_Assessment_and_Ranking_System_Automation" title="com.rqanrs.qa.testcases.ManageResumesPageTest" hash-for-method="moveToGoldTest">moveToGoldTest</a> <!-- method navigator-link -->
                      </span>
                      <br/>
                      <span>
                        <img width="3%" src="passed.png"/>
                        <a href="#" class="method navigator-link" panel-name="suite-Rezoomex_Quick_Assessment_and_Ranking_System_Automation" title="com.rqanrs.qa.testcases.OpenJobToBeAnnotatedPageTest" hash-for-method="moveToPipelineFromToBeAnnotatedTabJDTest">moveToPipelineFromToBeAnnotatedTabJDTest</a> <!-- method navigator-link -->
                      </span>
                      <br/>
                      <span>
                        <img width="3%" src="passed.png"/>
                        <a href="#" class="method navigator-link" panel-name="suite-Rezoomex_Quick_Assessment_and_Ranking_System_Automation" title="com.rqanrs.qa.testcases.ManageResumesPageTest" hash-for-method="opeingResumeTest">opeingResumeTest</a> <!-- method navigator-link -->
                      </span>
                      <br/>
                      <span>
                        <img width="3%" src="passed.png"/>
                        <a href="#" class="method navigator-link" panel-name="suite-Rezoomex_Quick_Assessment_and_Ranking_System_Automation" title="com.rqanrs.qa.testcases.ManageResumesPageTest" hash-for-method="quickTrackerDownloadTest">quickTrackerDownloadTest</a> <!-- method navigator-link -->
                      </span>
                      <br/>
                      <span>
                        <img width="3%" src="passed.png"/>
                        <a href="#" class="method navigator-link" panel-name="suite-Rezoomex_Quick_Assessment_and_Ranking_System_Automation" title="com.rqanrs.qa.testcases.ManageResumesPageTest" hash-for-method="refreshManageResumesCorpusTest">refreshManageResumesCorpusTest</a> <!-- method navigator-link -->
                      </span>
                      <br/>
                      <span>
                        <img width="3%" src="passed.png"/>
                        <a href="#" class="method navigator-link" panel-name="suite-Rezoomex_Quick_Assessment_and_Ranking_System_Automation" title="com.rqanrs.qa.testcases.OpenJobToBeAnnotatedPageTest" hash-for-method="savingJDTest">savingJDTest</a> <!-- method navigator-link -->
                      </span>
                      <br/>
                      <span>
                        <img width="3%" src="passed.png"/>
                        <a href="#" class="method navigator-link" panel-name="suite-Rezoomex_Quick_Assessment_and_Ranking_System_Automation" title="com.rqanrs.qa.testcases.ManageResumesPageTest" hash-for-method="singleUploadTest">singleUploadTest</a> <!-- method navigator-link -->
                      </span>
                      <br/>
                      <span>
                        <img width="3%" src="passed.png"/>
                        <a href="#" class="method navigator-link" panel-name="suite-Rezoomex_Quick_Assessment_and_Ranking_System_Automation" title="com.rqanrs.qa.testcases.OpenJobToBeAnnotatedPageTest" hash-for-method="standardizingJDTest">standardizingJDTest</a> <!-- method navigator-link -->
                      </span>
                      <br/>
                      <span>
                        <img width="3%" src="passed.png"/>
                        <a href="#" class="method navigator-link" panel-name="suite-Rezoomex_Quick_Assessment_and_Ranking_System_Automation" title="com.rqanrs.qa.testcases.ManageResumesPageTest" hash-for-method="suitabilityTrackerDownloadTest">suitabilityTrackerDownloadTest</a> <!-- method navigator-link -->
                      </span>
                      <br/>
                      <span>
                        <img width="3%" src="passed.png"/>
                        <a href="#" class="method navigator-link" panel-name="suite-Rezoomex_Quick_Assessment_and_Ranking_System_Automation" title="com.rqanrs.qa.testcases.OpenJobToBeAnnotatedPageTest" hash-for-method="updateJDFormTest">updateJDFormTest</a> <!-- method navigator-link -->
                      </span>
                      <br/>
                    </div> <!-- method-list-content passed suite-Rezoomex_Quick_Assessment_and_Ranking_System_Automation -->
                  </li>
                </ul>
              </div> <!-- suite-section-content -->
            </div> <!-- result-section -->
          </div> <!-- navigator-suite-content -->
        </div> <!-- rounded-window -->
      </div> <!-- suite -->
    </div> <!-- navigator-root -->
    <div class="wrapper">
      <div class="main-panel-root">
        <div panel-name="suite-Rezoomex_Quick_Assessment_and_Ranking_System_Automation" class="panel Rezoomex_Quick_Assessment_and_Ranking_System_Automation">
          <div class="suite-Rezoomex_Quick_Assessment_and_Ranking_System_Automation-class-skipped">
            <div class="main-panel-header rounded-window-top">
              <img src="skipped.png"/>
              <span class="class-name">com.rqanrs.qa.testcases.ManageJobsTest</span>
            </div> <!-- main-panel-header rounded-window-top -->
            <div class="main-panel-content rounded-window-bottom">
              <div class="method">
                <div class="method-content">
                  <a name="automatedJobCreationTest">
                  </a> <!-- automatedJobCreationTest -->
                  <span class="method-name">automatedJobCreationTest</span>
                  <div class="stack-trace">org.openqa.selenium.TimeoutException: timeout
  (Session info: chrome=63.0.3239.132)
  (Driver info: chromedriver=2.35.528139 (47ead77cb35ad2a9a83248b292151462a66cd881),platform=Linux 4.4.0-93-generic x86_64) (WARNING: The server did not provide any stacktrace information)
Command duration or timeout: 0 milliseconds
Build info: version: &apos;3.141.59&apos;, revision: &apos;e82be7d358&apos;, time: &apos;2018-11-14T08:17:03&apos;
System info: host: &apos;ULTP-478&apos;, ip: &apos;127.0.0.1&apos;, os.name: &apos;Linux&apos;, os.arch: &apos;amd64&apos;, os.version: &apos;4.4.0-93-generic&apos;, java.version: &apos;1.8.0_171&apos;
Driver info: org.openqa.selenium.chrome.ChromeDriver
Capabilities {acceptInsecureCerts: false, acceptSslCerts: false, applicationCacheEnabled: false, browserConnectionEnabled: false, browserName: chrome, chrome: {chromedriverVersion: 2.35.528139 (47ead77cb35ad2..., userDataDir: /tmp/.org.chromium.Chromium...}, cssSelectorsEnabled: true, databaseEnabled: false, handlesAlerts: true, hasTouchScreen: false, javascriptEnabled: true, locationContextEnabled: true, mobileEmulationEnabled: false, nativeEvents: true, networkConnectionEnabled: false, pageLoadStrategy: normal, platform: LINUX, platformName: LINUX, rotatable: false, setWindowRect: true, takesHeapSnapshot: true, takesScreenshot: true, unexpectedAlertBehaviour: , unhandledPromptBehavior: , version: 63.0.3239.132, webStorageEnabled: true}
Session ID: 8db66b73730ada360985b25c718f8a55
	at org.openqa.selenium.remote.ErrorHandler.createThrowable(ErrorHandler.java:214)
	at org.openqa.selenium.remote.ErrorHandler.throwIfResponseFailed(ErrorHandler.java:166)
	at org.openqa.selenium.remote.http.JsonHttpResponseCodec.reconstructValue(JsonHttpResponseCodec.java:40)
	at org.openqa.selenium.remote.http.AbstractHttpResponseCodec.decode(AbstractHttpResponseCodec.java:80)
	at org.openqa.selenium.remote.http.AbstractHttpResponseCodec.decode(AbstractHttpResponseCodec.java:44)
	at org.openqa.selenium.remote.HttpCommandExecutor.execute(HttpCommandExecutor.java:158)
	at org.openqa.selenium.remote.service.DriverCommandExecutor.execute(DriverCommandExecutor.java:83)
	at org.openqa.selenium.remote.RemoteWebDriver.execute(RemoteWebDriver.java:552)
	at org.openqa.selenium.remote.RemoteWebDriver.execute(RemoteWebDriver.java:609)
	at org.openqa.selenium.remote.RemoteWebDriver.getScreenshotAs(RemoteWebDriver.java:295)
	at org.openqa.selenium.support.events.EventFiringWebDriver.lambda$new$1(EventFiringWebDriver.java:105)
	at com.sun.proxy.$Proxy8.getScreenshotAs(Unknown Source)
	at org.openqa.selenium.support.events.EventFiringWebDriver.getScreenshotAs(EventFiringWebDriver.java:302)
	at com.rqanrs.qa.util.TestUtil.takeScreenshotAtEndOfTest(TestUtil.java:69)
	at com.rqanrs.qa.util.WebEventListener.onException(WebEventListener.java:55)
	at org.openqa.selenium.support.events.EventFiringWebDriver.lambda$new$0(EventFiringWebDriver.java:84)
	at com.sun.proxy.$Proxy7.onException(Unknown Source)
	at org.openqa.selenium.support.events.EventFiringWebDriver.lambda$new$1(EventFiringWebDriver.java:107)
	at com.sun.proxy.$Proxy8.getScreenshotAs(Unknown Source)
	at org.openqa.selenium.support.events.EventFiringWebDriver.getScreenshotAs(EventFiringWebDriver.java:302)
	at com.rqanrs.qa.util.TestUtil.takeScreenshotAtEndOfTest(TestUtil.java:69)
	at com.rqanrs.qa.util.WebEventListener.onException(WebEventListener.java:55)
	at org.openqa.selenium.support.events.EventFiringWebDriver.lambda$new$0(EventFiringWebDriver.java:84)
	at com.sun.proxy.$Proxy7.onException(Unknown Source)
	at org.openqa.selenium.support.events.EventFiringWebDriver.lambda$new$1(EventFiringWebDriver.java:107)
	at com.sun.proxy.$Proxy8.getScreenshotAs(Unknown Source)
	at org.openqa.selenium.support.events.EventFiringWebDriver.getScreenshotAs(EventFiringWebDriver.java:302)
	at com.rqanrs.qa.util.TestUtil.takeScreenshotAtEndOfTest(TestUtil.java:69)
	at com.rqanrs.qa.util.WebEventListener.onException(WebEventListener.java:55)
	at org.openqa.selenium.support.events.EventFiringWebDriver.lambda$new$0(EventFiringWebDriver.java:84)
	at com.sun.proxy.$Proxy7.onException(Unknown Source)
	at org.openqa.selenium.support.events.EventFiringWebDriver.lambda$new$1(EventFiringWebDriver.java:107)
	at com.sun.proxy.$Proxy8.get(Unknown Source)
	at org.openqa.selenium.support.events.EventFiringWebDriver.get(EventFiringWebDriver.java:165)
	at com.rqanrs.qa.base.Testbase.initialization(Testbase.java:66)
	at com.rqanrs.qa.testcases.ManageJobsTest.setup(ManageJobsTest.java:31)
... Removed 48 stack frames
</div> <!-- stack-trace -->
                </div> <!-- method-content -->
              </div> <!-- method -->
              <div class="method">
                <div class="method-content">
                  <a name="deletingJobTest">
                  </a> <!-- deletingJobTest -->
                  <span class="method-name">deletingJobTest</span>
                  <div class="stack-trace">org.openqa.selenium.TimeoutException: timeout
  (Session info: chrome=63.0.3239.132)
  (Driver info: chromedriver=2.35.528139 (47ead77cb35ad2a9a83248b292151462a66cd881),platform=Linux 4.4.0-93-generic x86_64) (WARNING: The server did not provide any stacktrace information)
Command duration or timeout: 0 milliseconds
Build info: version: &apos;3.141.59&apos;, revision: &apos;e82be7d358&apos;, time: &apos;2018-11-14T08:17:03&apos;
System info: host: &apos;ULTP-478&apos;, ip: &apos;127.0.0.1&apos;, os.name: &apos;Linux&apos;, os.arch: &apos;amd64&apos;, os.version: &apos;4.4.0-93-generic&apos;, java.version: &apos;1.8.0_171&apos;
Driver info: org.openqa.selenium.chrome.ChromeDriver
Capabilities {acceptInsecureCerts: false, acceptSslCerts: false, applicationCacheEnabled: false, browserConnectionEnabled: false, browserName: chrome, chrome: {chromedriverVersion: 2.35.528139 (47ead77cb35ad2..., userDataDir: /tmp/.org.chromium.Chromium...}, cssSelectorsEnabled: true, databaseEnabled: false, handlesAlerts: true, hasTouchScreen: false, javascriptEnabled: true, locationContextEnabled: true, mobileEmulationEnabled: false, nativeEvents: true, networkConnectionEnabled: false, pageLoadStrategy: normal, platform: LINUX, platformName: LINUX, rotatable: false, setWindowRect: true, takesHeapSnapshot: true, takesScreenshot: true, unexpectedAlertBehaviour: , unhandledPromptBehavior: , version: 63.0.3239.132, webStorageEnabled: true}
Session ID: 8db66b73730ada360985b25c718f8a55
	at org.openqa.selenium.remote.ErrorHandler.createThrowable(ErrorHandler.java:214)
	at org.openqa.selenium.remote.ErrorHandler.throwIfResponseFailed(ErrorHandler.java:166)
	at org.openqa.selenium.remote.http.JsonHttpResponseCodec.reconstructValue(JsonHttpResponseCodec.java:40)
	at org.openqa.selenium.remote.http.AbstractHttpResponseCodec.decode(AbstractHttpResponseCodec.java:80)
	at org.openqa.selenium.remote.http.AbstractHttpResponseCodec.decode(AbstractHttpResponseCodec.java:44)
	at org.openqa.selenium.remote.HttpCommandExecutor.execute(HttpCommandExecutor.java:158)
	at org.openqa.selenium.remote.service.DriverCommandExecutor.execute(DriverCommandExecutor.java:83)
	at org.openqa.selenium.remote.RemoteWebDriver.execute(RemoteWebDriver.java:552)
	at org.openqa.selenium.remote.RemoteWebDriver.execute(RemoteWebDriver.java:609)
	at org.openqa.selenium.remote.RemoteWebDriver.getScreenshotAs(RemoteWebDriver.java:295)
	at org.openqa.selenium.support.events.EventFiringWebDriver.lambda$new$1(EventFiringWebDriver.java:105)
	at com.sun.proxy.$Proxy8.getScreenshotAs(Unknown Source)
	at org.openqa.selenium.support.events.EventFiringWebDriver.getScreenshotAs(EventFiringWebDriver.java:302)
	at com.rqanrs.qa.util.TestUtil.takeScreenshotAtEndOfTest(TestUtil.java:69)
	at com.rqanrs.qa.util.WebEventListener.onException(WebEventListener.java:55)
	at org.openqa.selenium.support.events.EventFiringWebDriver.lambda$new$0(EventFiringWebDriver.java:84)
	at com.sun.proxy.$Proxy7.onException(Unknown Source)
	at org.openqa.selenium.support.events.EventFiringWebDriver.lambda$new$1(EventFiringWebDriver.java:107)
	at com.sun.proxy.$Proxy8.getScreenshotAs(Unknown Source)
	at org.openqa.selenium.support.events.EventFiringWebDriver.getScreenshotAs(EventFiringWebDriver.java:302)
	at com.rqanrs.qa.util.TestUtil.takeScreenshotAtEndOfTest(TestUtil.java:69)
	at com.rqanrs.qa.util.WebEventListener.onException(WebEventListener.java:55)
	at org.openqa.selenium.support.events.EventFiringWebDriver.lambda$new$0(EventFiringWebDriver.java:84)
	at com.sun.proxy.$Proxy7.onException(Unknown Source)
	at org.openqa.selenium.support.events.EventFiringWebDriver.lambda$new$1(EventFiringWebDriver.java:107)
	at com.sun.proxy.$Proxy8.getScreenshotAs(Unknown Source)
	at org.openqa.selenium.support.events.EventFiringWebDriver.getScreenshotAs(EventFiringWebDriver.java:302)
	at com.rqanrs.qa.util.TestUtil.takeScreenshotAtEndOfTest(TestUtil.java:69)
	at com.rqanrs.qa.util.WebEventListener.onException(WebEventListener.java:55)
	at org.openqa.selenium.support.events.EventFiringWebDriver.lambda$new$0(EventFiringWebDriver.java:84)
	at com.sun.proxy.$Proxy7.onException(Unknown Source)
	at org.openqa.selenium.support.events.EventFiringWebDriver.lambda$new$1(EventFiringWebDriver.java:107)
	at com.sun.proxy.$Proxy8.get(Unknown Source)
	at org.openqa.selenium.support.events.EventFiringWebDriver.get(EventFiringWebDriver.java:165)
	at com.rqanrs.qa.base.Testbase.initialization(Testbase.java:66)
	at com.rqanrs.qa.testcases.ManageJobsTest.setup(ManageJobsTest.java:31)
... Removed 48 stack frames
</div> <!-- stack-trace -->
                </div> <!-- method-content -->
              </div> <!-- method -->
              <div class="method">
                <div class="method-content">
                  <a name="downloadTrackerTest">
                  </a> <!-- downloadTrackerTest -->
                  <span class="method-name">downloadTrackerTest</span>
                  <div class="stack-trace">org.openqa.selenium.TimeoutException: timeout
  (Session info: chrome=63.0.3239.132)
  (Driver info: chromedriver=2.35.528139 (47ead77cb35ad2a9a83248b292151462a66cd881),platform=Linux 4.4.0-93-generic x86_64) (WARNING: The server did not provide any stacktrace information)
Command duration or timeout: 0 milliseconds
Build info: version: &apos;3.141.59&apos;, revision: &apos;e82be7d358&apos;, time: &apos;2018-11-14T08:17:03&apos;
System info: host: &apos;ULTP-478&apos;, ip: &apos;127.0.0.1&apos;, os.name: &apos;Linux&apos;, os.arch: &apos;amd64&apos;, os.version: &apos;4.4.0-93-generic&apos;, java.version: &apos;1.8.0_171&apos;
Driver info: org.openqa.selenium.chrome.ChromeDriver
Capabilities {acceptInsecureCerts: false, acceptSslCerts: false, applicationCacheEnabled: false, browserConnectionEnabled: false, browserName: chrome, chrome: {chromedriverVersion: 2.35.528139 (47ead77cb35ad2..., userDataDir: /tmp/.org.chromium.Chromium...}, cssSelectorsEnabled: true, databaseEnabled: false, handlesAlerts: true, hasTouchScreen: false, javascriptEnabled: true, locationContextEnabled: true, mobileEmulationEnabled: false, nativeEvents: true, networkConnectionEnabled: false, pageLoadStrategy: normal, platform: LINUX, platformName: LINUX, rotatable: false, setWindowRect: true, takesHeapSnapshot: true, takesScreenshot: true, unexpectedAlertBehaviour: , unhandledPromptBehavior: , version: 63.0.3239.132, webStorageEnabled: true}
Session ID: 8db66b73730ada360985b25c718f8a55
	at org.openqa.selenium.remote.ErrorHandler.createThrowable(ErrorHandler.java:214)
	at org.openqa.selenium.remote.ErrorHandler.throwIfResponseFailed(ErrorHandler.java:166)
	at org.openqa.selenium.remote.http.JsonHttpResponseCodec.reconstructValue(JsonHttpResponseCodec.java:40)
	at org.openqa.selenium.remote.http.AbstractHttpResponseCodec.decode(AbstractHttpResponseCodec.java:80)
	at org.openqa.selenium.remote.http.AbstractHttpResponseCodec.decode(AbstractHttpResponseCodec.java:44)
	at org.openqa.selenium.remote.HttpCommandExecutor.execute(HttpCommandExecutor.java:158)
	at org.openqa.selenium.remote.service.DriverCommandExecutor.execute(DriverCommandExecutor.java:83)
	at org.openqa.selenium.remote.RemoteWebDriver.execute(RemoteWebDriver.java:552)
	at org.openqa.selenium.remote.RemoteWebDriver.execute(RemoteWebDriver.java:609)
	at org.openqa.selenium.remote.RemoteWebDriver.getScreenshotAs(RemoteWebDriver.java:295)
	at org.openqa.selenium.support.events.EventFiringWebDriver.lambda$new$1(EventFiringWebDriver.java:105)
	at com.sun.proxy.$Proxy8.getScreenshotAs(Unknown Source)
	at org.openqa.selenium.support.events.EventFiringWebDriver.getScreenshotAs(EventFiringWebDriver.java:302)
	at com.rqanrs.qa.util.TestUtil.takeScreenshotAtEndOfTest(TestUtil.java:69)
	at com.rqanrs.qa.util.WebEventListener.onException(WebEventListener.java:55)
	at org.openqa.selenium.support.events.EventFiringWebDriver.lambda$new$0(EventFiringWebDriver.java:84)
	at com.sun.proxy.$Proxy7.onException(Unknown Source)
	at org.openqa.selenium.support.events.EventFiringWebDriver.lambda$new$1(EventFiringWebDriver.java:107)
	at com.sun.proxy.$Proxy8.getScreenshotAs(Unknown Source)
	at org.openqa.selenium.support.events.EventFiringWebDriver.getScreenshotAs(EventFiringWebDriver.java:302)
	at com.rqanrs.qa.util.TestUtil.takeScreenshotAtEndOfTest(TestUtil.java:69)
	at com.rqanrs.qa.util.WebEventListener.onException(WebEventListener.java:55)
	at org.openqa.selenium.support.events.EventFiringWebDriver.lambda$new$0(EventFiringWebDriver.java:84)
	at com.sun.proxy.$Proxy7.onException(Unknown Source)
	at org.openqa.selenium.support.events.EventFiringWebDriver.lambda$new$1(EventFiringWebDriver.java:107)
	at com.sun.proxy.$Proxy8.getScreenshotAs(Unknown Source)
	at org.openqa.selenium.support.events.EventFiringWebDriver.getScreenshotAs(EventFiringWebDriver.java:302)
	at com.rqanrs.qa.util.TestUtil.takeScreenshotAtEndOfTest(TestUtil.java:69)
	at com.rqanrs.qa.util.WebEventListener.onException(WebEventListener.java:55)
	at org.openqa.selenium.support.events.EventFiringWebDriver.lambda$new$0(EventFiringWebDriver.java:84)
	at com.sun.proxy.$Proxy7.onException(Unknown Source)
	at org.openqa.selenium.support.events.EventFiringWebDriver.lambda$new$1(EventFiringWebDriver.java:107)
	at com.sun.proxy.$Proxy8.get(Unknown Source)
	at org.openqa.selenium.support.events.EventFiringWebDriver.get(EventFiringWebDriver.java:165)
	at com.rqanrs.qa.base.Testbase.initialization(Testbase.java:66)
	at com.rqanrs.qa.testcases.ManageJobsTest.setup(ManageJobsTest.java:31)
... Removed 48 stack frames
</div> <!-- stack-trace -->
                </div> <!-- method-content -->
              </div> <!-- method -->
              <div class="method">
                <div class="method-content">
                  <a name="manualJobCreationTest">
                  </a> <!-- manualJobCreationTest -->
                  <span class="method-name">manualJobCreationTest</span>
                  <div class="stack-trace">org.openqa.selenium.TimeoutException: timeout
  (Session info: chrome=63.0.3239.132)
  (Driver info: chromedriver=2.35.528139 (47ead77cb35ad2a9a83248b292151462a66cd881),platform=Linux 4.4.0-93-generic x86_64) (WARNING: The server did not provide any stacktrace information)
Command duration or timeout: 0 milliseconds
Build info: version: &apos;3.141.59&apos;, revision: &apos;e82be7d358&apos;, time: &apos;2018-11-14T08:17:03&apos;
System info: host: &apos;ULTP-478&apos;, ip: &apos;127.0.0.1&apos;, os.name: &apos;Linux&apos;, os.arch: &apos;amd64&apos;, os.version: &apos;4.4.0-93-generic&apos;, java.version: &apos;1.8.0_171&apos;
Driver info: org.openqa.selenium.chrome.ChromeDriver
Capabilities {acceptInsecureCerts: false, acceptSslCerts: false, applicationCacheEnabled: false, browserConnectionEnabled: false, browserName: chrome, chrome: {chromedriverVersion: 2.35.528139 (47ead77cb35ad2..., userDataDir: /tmp/.org.chromium.Chromium...}, cssSelectorsEnabled: true, databaseEnabled: false, handlesAlerts: true, hasTouchScreen: false, javascriptEnabled: true, locationContextEnabled: true, mobileEmulationEnabled: false, nativeEvents: true, networkConnectionEnabled: false, pageLoadStrategy: normal, platform: LINUX, platformName: LINUX, rotatable: false, setWindowRect: true, takesHeapSnapshot: true, takesScreenshot: true, unexpectedAlertBehaviour: , unhandledPromptBehavior: , version: 63.0.3239.132, webStorageEnabled: true}
Session ID: 8db66b73730ada360985b25c718f8a55
	at org.openqa.selenium.remote.ErrorHandler.createThrowable(ErrorHandler.java:214)
	at org.openqa.selenium.remote.ErrorHandler.throwIfResponseFailed(ErrorHandler.java:166)
	at org.openqa.selenium.remote.http.JsonHttpResponseCodec.reconstructValue(JsonHttpResponseCodec.java:40)
	at org.openqa.selenium.remote.http.AbstractHttpResponseCodec.decode(AbstractHttpResponseCodec.java:80)
	at org.openqa.selenium.remote.http.AbstractHttpResponseCodec.decode(AbstractHttpResponseCodec.java:44)
	at org.openqa.selenium.remote.HttpCommandExecutor.execute(HttpCommandExecutor.java:158)
	at org.openqa.selenium.remote.service.DriverCommandExecutor.execute(DriverCommandExecutor.java:83)
	at org.openqa.selenium.remote.RemoteWebDriver.execute(RemoteWebDriver.java:552)
	at org.openqa.selenium.remote.RemoteWebDriver.execute(RemoteWebDriver.java:609)
	at org.openqa.selenium.remote.RemoteWebDriver.getScreenshotAs(RemoteWebDriver.java:295)
	at org.openqa.selenium.support.events.EventFiringWebDriver.lambda$new$1(EventFiringWebDriver.java:105)
	at com.sun.proxy.$Proxy8.getScreenshotAs(Unknown Source)
	at org.openqa.selenium.support.events.EventFiringWebDriver.getScreenshotAs(EventFiringWebDriver.java:302)
	at com.rqanrs.qa.util.TestUtil.takeScreenshotAtEndOfTest(TestUtil.java:69)
	at com.rqanrs.qa.util.WebEventListener.onException(WebEventListener.java:55)
	at org.openqa.selenium.support.events.EventFiringWebDriver.lambda$new$0(EventFiringWebDriver.java:84)
	at com.sun.proxy.$Proxy7.onException(Unknown Source)
	at org.openqa.selenium.support.events.EventFiringWebDriver.lambda$new$1(EventFiringWebDriver.java:107)
	at com.sun.proxy.$Proxy8.getScreenshotAs(Unknown Source)
	at org.openqa.selenium.support.events.EventFiringWebDriver.getScreenshotAs(EventFiringWebDriver.java:302)
	at com.rqanrs.qa.util.TestUtil.takeScreenshotAtEndOfTest(TestUtil.java:69)
	at com.rqanrs.qa.util.WebEventListener.onException(WebEventListener.java:55)
	at org.openqa.selenium.support.events.EventFiringWebDriver.lambda$new$0(EventFiringWebDriver.java:84)
	at com.sun.proxy.$Proxy7.onException(Unknown Source)
	at org.openqa.selenium.support.events.EventFiringWebDriver.lambda$new$1(EventFiringWebDriver.java:107)
	at com.sun.proxy.$Proxy8.getScreenshotAs(Unknown Source)
	at org.openqa.selenium.support.events.EventFiringWebDriver.getScreenshotAs(EventFiringWebDriver.java:302)
	at com.rqanrs.qa.util.TestUtil.takeScreenshotAtEndOfTest(TestUtil.java:69)
	at com.rqanrs.qa.util.WebEventListener.onException(WebEventListener.java:55)
	at org.openqa.selenium.support.events.EventFiringWebDriver.lambda$new$0(EventFiringWebDriver.java:84)
	at com.sun.proxy.$Proxy7.onException(Unknown Source)
	at org.openqa.selenium.support.events.EventFiringWebDriver.lambda$new$1(EventFiringWebDriver.java:107)
	at com.sun.proxy.$Proxy8.get(Unknown Source)
	at org.openqa.selenium.support.events.EventFiringWebDriver.get(EventFiringWebDriver.java:165)
	at com.rqanrs.qa.base.Testbase.initialization(Testbase.java:66)
	at com.rqanrs.qa.testcases.ManageJobsTest.setup(ManageJobsTest.java:31)
... Removed 48 stack frames
</div> <!-- stack-trace -->
                </div> <!-- method-content -->
              </div> <!-- method -->
              <div class="method">
                <div class="method-content">
                  <a name="openingJobTest">
                  </a> <!-- openingJobTest -->
                  <span class="method-name">openingJobTest</span>
                  <div class="stack-trace">org.openqa.selenium.TimeoutException: timeout
  (Session info: chrome=63.0.3239.132)
  (Driver info: chromedriver=2.35.528139 (47ead77cb35ad2a9a83248b292151462a66cd881),platform=Linux 4.4.0-93-generic x86_64) (WARNING: The server did not provide any stacktrace information)
Command duration or timeout: 0 milliseconds
Build info: version: &apos;3.141.59&apos;, revision: &apos;e82be7d358&apos;, time: &apos;2018-11-14T08:17:03&apos;
System info: host: &apos;ULTP-478&apos;, ip: &apos;127.0.0.1&apos;, os.name: &apos;Linux&apos;, os.arch: &apos;amd64&apos;, os.version: &apos;4.4.0-93-generic&apos;, java.version: &apos;1.8.0_171&apos;
Driver info: org.openqa.selenium.chrome.ChromeDriver
Capabilities {acceptInsecureCerts: false, acceptSslCerts: false, applicationCacheEnabled: false, browserConnectionEnabled: false, browserName: chrome, chrome: {chromedriverVersion: 2.35.528139 (47ead77cb35ad2..., userDataDir: /tmp/.org.chromium.Chromium...}, cssSelectorsEnabled: true, databaseEnabled: false, handlesAlerts: true, hasTouchScreen: false, javascriptEnabled: true, locationContextEnabled: true, mobileEmulationEnabled: false, nativeEvents: true, networkConnectionEnabled: false, pageLoadStrategy: normal, platform: LINUX, platformName: LINUX, rotatable: false, setWindowRect: true, takesHeapSnapshot: true, takesScreenshot: true, unexpectedAlertBehaviour: , unhandledPromptBehavior: , version: 63.0.3239.132, webStorageEnabled: true}
Session ID: 8db66b73730ada360985b25c718f8a55
	at org.openqa.selenium.remote.ErrorHandler.createThrowable(ErrorHandler.java:214)
	at org.openqa.selenium.remote.ErrorHandler.throwIfResponseFailed(ErrorHandler.java:166)
	at org.openqa.selenium.remote.http.JsonHttpResponseCodec.reconstructValue(JsonHttpResponseCodec.java:40)
	at org.openqa.selenium.remote.http.AbstractHttpResponseCodec.decode(AbstractHttpResponseCodec.java:80)
	at org.openqa.selenium.remote.http.AbstractHttpResponseCodec.decode(AbstractHttpResponseCodec.java:44)
	at org.openqa.selenium.remote.HttpCommandExecutor.execute(HttpCommandExecutor.java:158)
	at org.openqa.selenium.remote.service.DriverCommandExecutor.execute(DriverCommandExecutor.java:83)
	at org.openqa.selenium.remote.RemoteWebDriver.execute(RemoteWebDriver.java:552)
	at org.openqa.selenium.remote.RemoteWebDriver.execute(RemoteWebDriver.java:609)
	at org.openqa.selenium.remote.RemoteWebDriver.getScreenshotAs(RemoteWebDriver.java:295)
	at org.openqa.selenium.support.events.EventFiringWebDriver.lambda$new$1(EventFiringWebDriver.java:105)
	at com.sun.proxy.$Proxy8.getScreenshotAs(Unknown Source)
	at org.openqa.selenium.support.events.EventFiringWebDriver.getScreenshotAs(EventFiringWebDriver.java:302)
	at com.rqanrs.qa.util.TestUtil.takeScreenshotAtEndOfTest(TestUtil.java:69)
	at com.rqanrs.qa.util.WebEventListener.onException(WebEventListener.java:55)
	at org.openqa.selenium.support.events.EventFiringWebDriver.lambda$new$0(EventFiringWebDriver.java:84)
	at com.sun.proxy.$Proxy7.onException(Unknown Source)
	at org.openqa.selenium.support.events.EventFiringWebDriver.lambda$new$1(EventFiringWebDriver.java:107)
	at com.sun.proxy.$Proxy8.getScreenshotAs(Unknown Source)
	at org.openqa.selenium.support.events.EventFiringWebDriver.getScreenshotAs(EventFiringWebDriver.java:302)
	at com.rqanrs.qa.util.TestUtil.takeScreenshotAtEndOfTest(TestUtil.java:69)
	at com.rqanrs.qa.util.WebEventListener.onException(WebEventListener.java:55)
	at org.openqa.selenium.support.events.EventFiringWebDriver.lambda$new$0(EventFiringWebDriver.java:84)
	at com.sun.proxy.$Proxy7.onException(Unknown Source)
	at org.openqa.selenium.support.events.EventFiringWebDriver.lambda$new$1(EventFiringWebDriver.java:107)
	at com.sun.proxy.$Proxy8.getScreenshotAs(Unknown Source)
	at org.openqa.selenium.support.events.EventFiringWebDriver.getScreenshotAs(EventFiringWebDriver.java:302)
	at com.rqanrs.qa.util.TestUtil.takeScreenshotAtEndOfTest(TestUtil.java:69)
	at com.rqanrs.qa.util.WebEventListener.onException(WebEventListener.java:55)
	at org.openqa.selenium.support.events.EventFiringWebDriver.lambda$new$0(EventFiringWebDriver.java:84)
	at com.sun.proxy.$Proxy7.onException(Unknown Source)
	at org.openqa.selenium.support.events.EventFiringWebDriver.lambda$new$1(EventFiringWebDriver.java:107)
	at com.sun.proxy.$Proxy8.get(Unknown Source)
	at org.openqa.selenium.support.events.EventFiringWebDriver.get(EventFiringWebDriver.java:165)
	at com.rqanrs.qa.base.Testbase.initialization(Testbase.java:66)
	at com.rqanrs.qa.testcases.ManageJobsTest.setup(ManageJobsTest.java:31)
... Removed 48 stack frames
</div> <!-- stack-trace -->
                </div> <!-- method-content -->
              </div> <!-- method -->
              <div class="method">
                <div class="method-content">
                  <a name="processJobTest">
                  </a> <!-- processJobTest -->
                  <span class="method-name">processJobTest</span>
                  <div class="stack-trace">org.openqa.selenium.TimeoutException: timeout
  (Session info: chrome=63.0.3239.132)
  (Driver info: chromedriver=2.35.528139 (47ead77cb35ad2a9a83248b292151462a66cd881),platform=Linux 4.4.0-93-generic x86_64) (WARNING: The server did not provide any stacktrace information)
Command duration or timeout: 0 milliseconds
Build info: version: &apos;3.141.59&apos;, revision: &apos;e82be7d358&apos;, time: &apos;2018-11-14T08:17:03&apos;
System info: host: &apos;ULTP-478&apos;, ip: &apos;127.0.0.1&apos;, os.name: &apos;Linux&apos;, os.arch: &apos;amd64&apos;, os.version: &apos;4.4.0-93-generic&apos;, java.version: &apos;1.8.0_171&apos;
Driver info: org.openqa.selenium.chrome.ChromeDriver
Capabilities {acceptInsecureCerts: false, acceptSslCerts: false, applicationCacheEnabled: false, browserConnectionEnabled: false, browserName: chrome, chrome: {chromedriverVersion: 2.35.528139 (47ead77cb35ad2..., userDataDir: /tmp/.org.chromium.Chromium...}, cssSelectorsEnabled: true, databaseEnabled: false, handlesAlerts: true, hasTouchScreen: false, javascriptEnabled: true, locationContextEnabled: true, mobileEmulationEnabled: false, nativeEvents: true, networkConnectionEnabled: false, pageLoadStrategy: normal, platform: LINUX, platformName: LINUX, rotatable: false, setWindowRect: true, takesHeapSnapshot: true, takesScreenshot: true, unexpectedAlertBehaviour: , unhandledPromptBehavior: , version: 63.0.3239.132, webStorageEnabled: true}
Session ID: 8db66b73730ada360985b25c718f8a55
	at org.openqa.selenium.remote.ErrorHandler.createThrowable(ErrorHandler.java:214)
	at org.openqa.selenium.remote.ErrorHandler.throwIfResponseFailed(ErrorHandler.java:166)
	at org.openqa.selenium.remote.http.JsonHttpResponseCodec.reconstructValue(JsonHttpResponseCodec.java:40)
	at org.openqa.selenium.remote.http.AbstractHttpResponseCodec.decode(AbstractHttpResponseCodec.java:80)
	at org.openqa.selenium.remote.http.AbstractHttpResponseCodec.decode(AbstractHttpResponseCodec.java:44)
	at org.openqa.selenium.remote.HttpCommandExecutor.execute(HttpCommandExecutor.java:158)
	at org.openqa.selenium.remote.service.DriverCommandExecutor.execute(DriverCommandExecutor.java:83)
	at org.openqa.selenium.remote.RemoteWebDriver.execute(RemoteWebDriver.java:552)
	at org.openqa.selenium.remote.RemoteWebDriver.execute(RemoteWebDriver.java:609)
	at org.openqa.selenium.remote.RemoteWebDriver.getScreenshotAs(RemoteWebDriver.java:295)
	at org.openqa.selenium.support.events.EventFiringWebDriver.lambda$new$1(EventFiringWebDriver.java:105)
	at com.sun.proxy.$Proxy8.getScreenshotAs(Unknown Source)
	at org.openqa.selenium.support.events.EventFiringWebDriver.getScreenshotAs(EventFiringWebDriver.java:302)
	at com.rqanrs.qa.util.TestUtil.takeScreenshotAtEndOfTest(TestUtil.java:69)
	at com.rqanrs.qa.util.WebEventListener.onException(WebEventListener.java:55)
	at org.openqa.selenium.support.events.EventFiringWebDriver.lambda$new$0(EventFiringWebDriver.java:84)
	at com.sun.proxy.$Proxy7.onException(Unknown Source)
	at org.openqa.selenium.support.events.EventFiringWebDriver.lambda$new$1(EventFiringWebDriver.java:107)
	at com.sun.proxy.$Proxy8.getScreenshotAs(Unknown Source)
	at org.openqa.selenium.support.events.EventFiringWebDriver.getScreenshotAs(EventFiringWebDriver.java:302)
	at com.rqanrs.qa.util.TestUtil.takeScreenshotAtEndOfTest(TestUtil.java:69)
	at com.rqanrs.qa.util.WebEventListener.onException(WebEventListener.java:55)
	at org.openqa.selenium.support.events.EventFiringWebDriver.lambda$new$0(EventFiringWebDriver.java:84)
	at com.sun.proxy.$Proxy7.onException(Unknown Source)
	at org.openqa.selenium.support.events.EventFiringWebDriver.lambda$new$1(EventFiringWebDriver.java:107)
	at com.sun.proxy.$Proxy8.getScreenshotAs(Unknown Source)
	at org.openqa.selenium.support.events.EventFiringWebDriver.getScreenshotAs(EventFiringWebDriver.java:302)
	at com.rqanrs.qa.util.TestUtil.takeScreenshotAtEndOfTest(TestUtil.java:69)
	at com.rqanrs.qa.util.WebEventListener.onException(WebEventListener.java:55)
	at org.openqa.selenium.support.events.EventFiringWebDriver.lambda$new$0(EventFiringWebDriver.java:84)
	at com.sun.proxy.$Proxy7.onException(Unknown Source)
	at org.openqa.selenium.support.events.EventFiringWebDriver.lambda$new$1(EventFiringWebDriver.java:107)
	at com.sun.proxy.$Proxy8.get(Unknown Source)
	at org.openqa.selenium.support.events.EventFiringWebDriver.get(EventFiringWebDriver.java:165)
	at com.rqanrs.qa.base.Testbase.initialization(Testbase.java:66)
	at com.rqanrs.qa.testcases.ManageJobsTest.setup(ManageJobsTest.java:31)
... Removed 48 stack frames
</div> <!-- stack-trace -->
                </div> <!-- method-content -->
              </div> <!-- method -->
              <div class="method">
                <div class="method-content">
                  <a name="refreshManageJobsCorpusTest">
                  </a> <!-- refreshManageJobsCorpusTest -->
                  <span class="method-name">refreshManageJobsCorpusTest</span>
                  <div class="stack-trace">org.openqa.selenium.TimeoutException: timeout
  (Session info: chrome=63.0.3239.132)
  (Driver info: chromedriver=2.35.528139 (47ead77cb35ad2a9a83248b292151462a66cd881),platform=Linux 4.4.0-93-generic x86_64) (WARNING: The server did not provide any stacktrace information)
Command duration or timeout: 0 milliseconds
Build info: version: &apos;3.141.59&apos;, revision: &apos;e82be7d358&apos;, time: &apos;2018-11-14T08:17:03&apos;
System info: host: &apos;ULTP-478&apos;, ip: &apos;127.0.0.1&apos;, os.name: &apos;Linux&apos;, os.arch: &apos;amd64&apos;, os.version: &apos;4.4.0-93-generic&apos;, java.version: &apos;1.8.0_171&apos;
Driver info: org.openqa.selenium.chrome.ChromeDriver
Capabilities {acceptInsecureCerts: false, acceptSslCerts: false, applicationCacheEnabled: false, browserConnectionEnabled: false, browserName: chrome, chrome: {chromedriverVersion: 2.35.528139 (47ead77cb35ad2..., userDataDir: /tmp/.org.chromium.Chromium...}, cssSelectorsEnabled: true, databaseEnabled: false, handlesAlerts: true, hasTouchScreen: false, javascriptEnabled: true, locationContextEnabled: true, mobileEmulationEnabled: false, nativeEvents: true, networkConnectionEnabled: false, pageLoadStrategy: normal, platform: LINUX, platformName: LINUX, rotatable: false, setWindowRect: true, takesHeapSnapshot: true, takesScreenshot: true, unexpectedAlertBehaviour: , unhandledPromptBehavior: , version: 63.0.3239.132, webStorageEnabled: true}
Session ID: 8db66b73730ada360985b25c718f8a55
	at org.openqa.selenium.remote.ErrorHandler.createThrowable(ErrorHandler.java:214)
	at org.openqa.selenium.remote.ErrorHandler.throwIfResponseFailed(ErrorHandler.java:166)
	at org.openqa.selenium.remote.http.JsonHttpResponseCodec.reconstructValue(JsonHttpResponseCodec.java:40)
	at org.openqa.selenium.remote.http.AbstractHttpResponseCodec.decode(AbstractHttpResponseCodec.java:80)
	at org.openqa.selenium.remote.http.AbstractHttpResponseCodec.decode(AbstractHttpResponseCodec.java:44)
	at org.openqa.selenium.remote.HttpCommandExecutor.execute(HttpCommandExecutor.java:158)
	at org.openqa.selenium.remote.service.DriverCommandExecutor.execute(DriverCommandExecutor.java:83)
	at org.openqa.selenium.remote.RemoteWebDriver.execute(RemoteWebDriver.java:552)
	at org.openqa.selenium.remote.RemoteWebDriver.execute(RemoteWebDriver.java:609)
	at org.openqa.selenium.remote.RemoteWebDriver.getScreenshotAs(RemoteWebDriver.java:295)
	at org.openqa.selenium.support.events.EventFiringWebDriver.lambda$new$1(EventFiringWebDriver.java:105)
	at com.sun.proxy.$Proxy8.getScreenshotAs(Unknown Source)
	at org.openqa.selenium.support.events.EventFiringWebDriver.getScreenshotAs(EventFiringWebDriver.java:302)
	at com.rqanrs.qa.util.TestUtil.takeScreenshotAtEndOfTest(TestUtil.java:69)
	at com.rqanrs.qa.util.WebEventListener.onException(WebEventListener.java:55)
	at org.openqa.selenium.support.events.EventFiringWebDriver.lambda$new$0(EventFiringWebDriver.java:84)
	at com.sun.proxy.$Proxy7.onException(Unknown Source)
	at org.openqa.selenium.support.events.EventFiringWebDriver.lambda$new$1(EventFiringWebDriver.java:107)
	at com.sun.proxy.$Proxy8.getScreenshotAs(Unknown Source)
	at org.openqa.selenium.support.events.EventFiringWebDriver.getScreenshotAs(EventFiringWebDriver.java:302)
	at com.rqanrs.qa.util.TestUtil.takeScreenshotAtEndOfTest(TestUtil.java:69)
	at com.rqanrs.qa.util.WebEventListener.onException(WebEventListener.java:55)
	at org.openqa.selenium.support.events.EventFiringWebDriver.lambda$new$0(EventFiringWebDriver.java:84)
	at com.sun.proxy.$Proxy7.onException(Unknown Source)
	at org.openqa.selenium.support.events.EventFiringWebDriver.lambda$new$1(EventFiringWebDriver.java:107)
	at com.sun.proxy.$Proxy8.getScreenshotAs(Unknown Source)
	at org.openqa.selenium.support.events.EventFiringWebDriver.getScreenshotAs(EventFiringWebDriver.java:302)
	at com.rqanrs.qa.util.TestUtil.takeScreenshotAtEndOfTest(TestUtil.java:69)
	at com.rqanrs.qa.util.WebEventListener.onException(WebEventListener.java:55)
	at org.openqa.selenium.support.events.EventFiringWebDriver.lambda$new$0(EventFiringWebDriver.java:84)
	at com.sun.proxy.$Proxy7.onException(Unknown Source)
	at org.openqa.selenium.support.events.EventFiringWebDriver.lambda$new$1(EventFiringWebDriver.java:107)
	at com.sun.proxy.$Proxy8.get(Unknown Source)
	at org.openqa.selenium.support.events.EventFiringWebDriver.get(EventFiringWebDriver.java:165)
	at com.rqanrs.qa.base.Testbase.initialization(Testbase.java:66)
	at com.rqanrs.qa.testcases.ManageJobsTest.setup(ManageJobsTest.java:31)
... Removed 48 stack frames
</div> <!-- stack-trace -->
                </div> <!-- method-content -->
              </div> <!-- method -->
              <div class="method">
                <div class="method-content">
                  <a name="trackJobTest">
                  </a> <!-- trackJobTest -->
                  <span class="method-name">trackJobTest</span>
                  <div class="stack-trace">org.openqa.selenium.TimeoutException: timeout
  (Session info: chrome=63.0.3239.132)
  (Driver info: chromedriver=2.35.528139 (47ead77cb35ad2a9a83248b292151462a66cd881),platform=Linux 4.4.0-93-generic x86_64) (WARNING: The server did not provide any stacktrace information)
Command duration or timeout: 0 milliseconds
Build info: version: &apos;3.141.59&apos;, revision: &apos;e82be7d358&apos;, time: &apos;2018-11-14T08:17:03&apos;
System info: host: &apos;ULTP-478&apos;, ip: &apos;127.0.0.1&apos;, os.name: &apos;Linux&apos;, os.arch: &apos;amd64&apos;, os.version: &apos;4.4.0-93-generic&apos;, java.version: &apos;1.8.0_171&apos;
Driver info: org.openqa.selenium.chrome.ChromeDriver
Capabilities {acceptInsecureCerts: false, acceptSslCerts: false, applicationCacheEnabled: false, browserConnectionEnabled: false, browserName: chrome, chrome: {chromedriverVersion: 2.35.528139 (47ead77cb35ad2..., userDataDir: /tmp/.org.chromium.Chromium...}, cssSelectorsEnabled: true, databaseEnabled: false, handlesAlerts: true, hasTouchScreen: false, javascriptEnabled: true, locationContextEnabled: true, mobileEmulationEnabled: false, nativeEvents: true, networkConnectionEnabled: false, pageLoadStrategy: normal, platform: LINUX, platformName: LINUX, rotatable: false, setWindowRect: true, takesHeapSnapshot: true, takesScreenshot: true, unexpectedAlertBehaviour: , unhandledPromptBehavior: , version: 63.0.3239.132, webStorageEnabled: true}
Session ID: 8db66b73730ada360985b25c718f8a55
	at org.openqa.selenium.remote.ErrorHandler.createThrowable(ErrorHandler.java:214)
	at org.openqa.selenium.remote.ErrorHandler.throwIfResponseFailed(ErrorHandler.java:166)
	at org.openqa.selenium.remote.http.JsonHttpResponseCodec.reconstructValue(JsonHttpResponseCodec.java:40)
	at org.openqa.selenium.remote.http.AbstractHttpResponseCodec.decode(AbstractHttpResponseCodec.java:80)
	at org.openqa.selenium.remote.http.AbstractHttpResponseCodec.decode(AbstractHttpResponseCodec.java:44)
	at org.openqa.selenium.remote.HttpCommandExecutor.execute(HttpCommandExecutor.java:158)
	at org.openqa.selenium.remote.service.DriverCommandExecutor.execute(DriverCommandExecutor.java:83)
	at org.openqa.selenium.remote.RemoteWebDriver.execute(RemoteWebDriver.java:552)
	at org.openqa.selenium.remote.RemoteWebDriver.execute(RemoteWebDriver.java:609)
	at org.openqa.selenium.remote.RemoteWebDriver.getScreenshotAs(RemoteWebDriver.java:295)
	at org.openqa.selenium.support.events.EventFiringWebDriver.lambda$new$1(EventFiringWebDriver.java:105)
	at com.sun.proxy.$Proxy8.getScreenshotAs(Unknown Source)
	at org.openqa.selenium.support.events.EventFiringWebDriver.getScreenshotAs(EventFiringWebDriver.java:302)
	at com.rqanrs.qa.util.TestUtil.takeScreenshotAtEndOfTest(TestUtil.java:69)
	at com.rqanrs.qa.util.WebEventListener.onException(WebEventListener.java:55)
	at org.openqa.selenium.support.events.EventFiringWebDriver.lambda$new$0(EventFiringWebDriver.java:84)
	at com.sun.proxy.$Proxy7.onException(Unknown Source)
	at org.openqa.selenium.support.events.EventFiringWebDriver.lambda$new$1(EventFiringWebDriver.java:107)
	at com.sun.proxy.$Proxy8.getScreenshotAs(Unknown Source)
	at org.openqa.selenium.support.events.EventFiringWebDriver.getScreenshotAs(EventFiringWebDriver.java:302)
	at com.rqanrs.qa.util.TestUtil.takeScreenshotAtEndOfTest(TestUtil.java:69)
	at com.rqanrs.qa.util.WebEventListener.onException(WebEventListener.java:55)
	at org.openqa.selenium.support.events.EventFiringWebDriver.lambda$new$0(EventFiringWebDriver.java:84)
	at com.sun.proxy.$Proxy7.onException(Unknown Source)
	at org.openqa.selenium.support.events.EventFiringWebDriver.lambda$new$1(EventFiringWebDriver.java:107)
	at com.sun.proxy.$Proxy8.getScreenshotAs(Unknown Source)
	at org.openqa.selenium.support.events.EventFiringWebDriver.getScreenshotAs(EventFiringWebDriver.java:302)
	at com.rqanrs.qa.util.TestUtil.takeScreenshotAtEndOfTest(TestUtil.java:69)
	at com.rqanrs.qa.util.WebEventListener.onException(WebEventListener.java:55)
	at org.openqa.selenium.support.events.EventFiringWebDriver.lambda$new$0(EventFiringWebDriver.java:84)
	at com.sun.proxy.$Proxy7.onException(Unknown Source)
	at org.openqa.selenium.support.events.EventFiringWebDriver.lambda$new$1(EventFiringWebDriver.java:107)
	at com.sun.proxy.$Proxy8.get(Unknown Source)
	at org.openqa.selenium.support.events.EventFiringWebDriver.get(EventFiringWebDriver.java:165)
	at com.rqanrs.qa.base.Testbase.initialization(Testbase.java:66)
	at com.rqanrs.qa.testcases.ManageJobsTest.setup(ManageJobsTest.java:31)
... Removed 48 stack frames
</div> <!-- stack-trace -->
                </div> <!-- method-content -->
              </div> <!-- method -->
            </div> <!-- main-panel-content rounded-window-bottom -->
          </div> <!-- suite-Rezoomex_Quick_Assessment_and_Ranking_System_Automation-class-skipped -->
          <div class="suite-Rezoomex_Quick_Assessment_and_Ranking_System_Automation-class-passed">
            <div class="main-panel-header rounded-window-top">
              <img src="passed.png"/>
              <span class="class-name">com.rqanrs.qa.testcases.LoginPageTest</span>
            </div> <!-- main-panel-header rounded-window-top -->
            <div class="main-panel-content rounded-window-bottom">
              <div class="method">
                <div class="method-content">
                  <a name="loginPageTitleTest">
                  </a> <!-- loginPageTitleTest -->
                  <span class="method-name">loginPageTitleTest</span>
                </div> <!-- method-content -->
              </div> <!-- method -->
              <div class="method">
                <div class="method-content">
                  <a name="loginTest(ankit@rezoomex.com, ankit@4625)">
                  </a> <!-- loginTest(ankit@rezoomex.com, ankit@4625) -->
                  <span class="method-name">loginTest</span>
                  <span class="parameters">(ankit@rezoomex.com, ankit@4625)</span>
                </div> <!-- method-content -->
              </div> <!-- method -->
              <div class="method">
                <div class="method-content">
                  <a name="loginTest(vaishnavi@rezoomex.com, vaishnavi@0363)">
                  </a> <!-- loginTest(vaishnavi@rezoomex.com, vaishnavi@0363) -->
                  <span class="method-name">loginTest</span>
                  <span class="parameters">(vaishnavi@rezoomex.com, vaishnavi@0363)</span>
                </div> <!-- method-content -->
              </div> <!-- method -->
            </div> <!-- main-panel-content rounded-window-bottom -->
          </div> <!-- suite-Rezoomex_Quick_Assessment_and_Ranking_System_Automation-class-passed -->
          <div class="suite-Rezoomex_Quick_Assessment_and_Ranking_System_Automation-class-passed">
            <div class="main-panel-header rounded-window-top">
              <img src="passed.png"/>
              <span class="class-name">com.rqanrs.qa.testcases.ManageResumesPageTest</span>
            </div> <!-- main-panel-header rounded-window-top -->
            <div class="main-panel-content rounded-window-bottom">
              <div class="method">
                <div class="method-content">
                  <a name="addToTrackerTest">
                  </a> <!-- addToTrackerTest -->
                  <span class="method-name">addToTrackerTest</span>
                </div> <!-- method-content -->
              </div> <!-- method -->
              <div class="method">
                <div class="method-content">
                  <a name="deleteResumeTest">
                  </a> <!-- deleteResumeTest -->
                  <span class="method-name">deleteResumeTest</span>
                </div> <!-- method-content -->
              </div> <!-- method -->
              <div class="method">
                <div class="method-content">
                  <a name="folderUploadTest">
                  </a> <!-- folderUploadTest -->
                  <span class="method-name">folderUploadTest</span>
                </div> <!-- method-content -->
              </div> <!-- method -->
              <div class="method">
                <div class="method-content">
                  <a name="moveToGoldTest">
                  </a> <!-- moveToGoldTest -->
                  <span class="method-name">moveToGoldTest</span>
                </div> <!-- method-content -->
              </div> <!-- method -->
              <div class="method">
                <div class="method-content">
                  <a name="opeingResumeTest">
                  </a> <!-- opeingResumeTest -->
                  <span class="method-name">opeingResumeTest</span>
                </div> <!-- method-content -->
              </div> <!-- method -->
              <div class="method">
                <div class="method-content">
                  <a name="quickTrackerDownloadTest">
                  </a> <!-- quickTrackerDownloadTest -->
                  <span class="method-name">quickTrackerDownloadTest</span>
                </div> <!-- method-content -->
              </div> <!-- method -->
              <div class="method">
                <div class="method-content">
                  <a name="refreshManageResumesCorpusTest">
                  </a> <!-- refreshManageResumesCorpusTest -->
                  <span class="method-name">refreshManageResumesCorpusTest</span>
                </div> <!-- method-content -->
              </div> <!-- method -->
              <div class="method">
                <div class="method-content">
                  <a name="singleUploadTest">
                  </a> <!-- singleUploadTest -->
                  <span class="method-name">singleUploadTest</span>
                </div> <!-- method-content -->
              </div> <!-- method -->
              <div class="method">
                <div class="method-content">
                  <a name="suitabilityTrackerDownloadTest">
                  </a> <!-- suitabilityTrackerDownloadTest -->
                  <span class="method-name">suitabilityTrackerDownloadTest</span>
                </div> <!-- method-content -->
              </div> <!-- method -->
            </div> <!-- main-panel-content rounded-window-bottom -->
          </div> <!-- suite-Rezoomex_Quick_Assessment_and_Ranking_System_Automation-class-passed -->
          <div class="suite-Rezoomex_Quick_Assessment_and_Ranking_System_Automation-class-passed">
            <div class="main-panel-header rounded-window-top">
              <img src="passed.png"/>
              <span class="class-name">com.rqanrs.qa.testcases.OpenJobPageTest</span>
            </div> <!-- main-panel-header rounded-window-top -->
            <div class="main-panel-content rounded-window-bottom">
              <div class="method">
                <div class="method-content">
                  <a name="MoveToPipelineFromAnnotatedTabJDTest">
                  </a> <!-- MoveToPipelineFromAnnotatedTabJDTest -->
                  <span class="method-name">MoveToPipelineFromAnnotatedTabJDTest</span>
                </div> <!-- method-content -->
              </div> <!-- method -->
              <div class="method">
                <div class="method-content">
                  <a name="backToCorpusFromAnnotatedTabJDTest">
                  </a> <!-- backToCorpusFromAnnotatedTabJDTest -->
                  <span class="method-name">backToCorpusFromAnnotatedTabJDTest</span>
                </div> <!-- method-content -->
              </div> <!-- method -->
              <div class="method">
                <div class="method-content">
                  <a name="logoutFromAnnotatedTabJDTest">
                  </a> <!-- logoutFromAnnotatedTabJDTest -->
                  <span class="method-name">logoutFromAnnotatedTabJDTest</span>
                </div> <!-- method-content -->
              </div> <!-- method -->
            </div> <!-- main-panel-content rounded-window-bottom -->
          </div> <!-- suite-Rezoomex_Quick_Assessment_and_Ranking_System_Automation-class-passed -->
          <div class="suite-Rezoomex_Quick_Assessment_and_Ranking_System_Automation-class-passed">
            <div class="main-panel-header rounded-window-top">
              <img src="passed.png"/>
              <span class="class-name">com.rqanrs.qa.testcases.OpenJobToBeAnnotatedPageTest</span>
            </div> <!-- main-panel-header rounded-window-top -->
            <div class="main-panel-content rounded-window-bottom">
              <div class="method">
                <div class="method-content">
                  <a name="backToCorpusFromToBeAnnotatedTabJDTest">
                  </a> <!-- backToCorpusFromToBeAnnotatedTabJDTest -->
                  <span class="method-name">backToCorpusFromToBeAnnotatedTabJDTest</span>
                </div> <!-- method-content -->
              </div> <!-- method -->
              <div class="method">
                <div class="method-content">
                  <a name="finishEditingJDTest">
                  </a> <!-- finishEditingJDTest -->
                  <span class="method-name">finishEditingJDTest</span>
                </div> <!-- method-content -->
              </div> <!-- method -->
              <div class="method">
                <div class="method-content">
                  <a name="logoutFromToBeAnnotatedTabJDTest">
                  </a> <!-- logoutFromToBeAnnotatedTabJDTest -->
                  <span class="method-name">logoutFromToBeAnnotatedTabJDTest</span>
                </div> <!-- method-content -->
              </div> <!-- method -->
              <div class="method">
                <div class="method-content">
                  <a name="moveToPipelineFromToBeAnnotatedTabJDTest">
                  </a> <!-- moveToPipelineFromToBeAnnotatedTabJDTest -->
                  <span class="method-name">moveToPipelineFromToBeAnnotatedTabJDTest</span>
                </div> <!-- method-content -->
              </div> <!-- method -->
              <div class="method">
                <div class="method-content">
                  <a name="savingJDTest">
                  </a> <!-- savingJDTest -->
                  <span class="method-name">savingJDTest</span>
                </div> <!-- method-content -->
              </div> <!-- method -->
              <div class="method">
                <div class="method-content">
                  <a name="standardizingJDTest">
                  </a> <!-- standardizingJDTest -->
                  <span class="method-name">standardizingJDTest</span>
                </div> <!-- method-content -->
              </div> <!-- method -->
              <div class="method">
                <div class="method-content">
                  <a name="updateJDFormTest">
                  </a> <!-- updateJDFormTest -->
                  <span class="method-name">updateJDFormTest</span>
                </div> <!-- method-content -->
              </div> <!-- method -->
            </div> <!-- main-panel-content rounded-window-bottom -->
          </div> <!-- suite-Rezoomex_Quick_Assessment_and_Ranking_System_Automation-class-passed -->
        </div> <!-- panel Rezoomex_Quick_Assessment_and_Ranking_System_Automation -->
        <div panel-name="test-xml-Rezoomex_Quick_Assessment_and_Ranking_System_Automation" class="panel">
          <div class="main-panel-header rounded-window-top">
            <span class="header-content">/home/synerzip/workspace/RQANRSTests/testng.xml</span>
          </div> <!-- main-panel-header rounded-window-top -->
          <div class="main-panel-content rounded-window-bottom">
            <pre>
&lt;?xml version=&quot;1.0&quot; encoding=&quot;UTF-8&quot;?&gt;
&lt;!DOCTYPE suite SYSTEM &quot;http://testng.org/testng-1.0.dtd&quot;&gt;
&lt;suite guice-stage=&quot;DEVELOPMENT&quot; name=&quot;Rezoomex Quick Assessment and Ranking System Automation&quot;&gt;
  &lt;listeners&gt;
    &lt;listener class-name=&quot;com.rqanrs.qa.ExtentReportListener.ExtentReporterNG&quot;/&gt;
  &lt;/listeners&gt;
  &lt;test thread-count=&quot;5&quot; name=&quot;Test&quot;&gt;
    &lt;classes&gt;
      &lt;class name=&quot;com.rqanrs.qa.testcases.LoginPageTest&quot;/&gt;
      &lt;class name=&quot;com.rqanrs.qa.testcases.ManageJobsTest&quot;/&gt;
      &lt;class name=&quot;com.rqanrs.qa.testcases.OpenJobPageTest&quot;/&gt;
      &lt;class name=&quot;com.rqanrs.qa.testcases.OpenJobToBeAnnotatedPageTest&quot;/&gt;
      &lt;class name=&quot;com.rqanrs.qa.testcases.ManageResumesPageTest&quot;/&gt;
    &lt;/classes&gt;
  &lt;/test&gt; &lt;!-- Test --&gt;
&lt;/suite&gt; &lt;!-- Rezoomex Quick Assessment and Ranking System Automation --&gt;
            </pre>
          </div> <!-- main-panel-content rounded-window-bottom -->
        </div> <!-- panel -->
        <div panel-name="testlist-Rezoomex_Quick_Assessment_and_Ranking_System_Automation" class="panel">
          <div class="main-panel-header rounded-window-top">
            <span class="header-content">Tests for Rezoomex Quick Assessment and Ranking System Automation</span>
          </div> <!-- main-panel-header rounded-window-top -->
          <div class="main-panel-content rounded-window-bottom">
            <ul>
              <li>
                <span class="test-name">Test (5 classes)</span>
              </li>
            </ul>
          </div> <!-- main-panel-content rounded-window-bottom -->
        </div> <!-- panel -->
        <div panel-name="group-Rezoomex_Quick_Assessment_and_Ranking_System_Automation" class="panel">
          <div class="main-panel-header rounded-window-top">
            <span class="header-content">Groups for Rezoomex Quick Assessment and Ranking System Automation</span>
          </div> <!-- main-panel-header rounded-window-top -->
          <div class="main-panel-content rounded-window-bottom">
          </div> <!-- main-panel-content rounded-window-bottom -->
        </div> <!-- panel -->
        <div panel-name="times-Rezoomex_Quick_Assessment_and_Ranking_System_Automation" class="panel">
          <div class="main-panel-header rounded-window-top">
            <span class="header-content">Times for Rezoomex Quick Assessment and Ranking System Automation</span>
          </div> <!-- main-panel-header rounded-window-top -->
          <div class="main-panel-content rounded-window-bottom">
            <div class="times-div">
              <script type="text/javascript">
suiteTableInitFunctions.push('tableData_Rezoomex_Quick_Assessment_and_Ranking_System_Automation');
function tableData_Rezoomex_Quick_Assessment_and_Ranking_System_Automation() {
var data = new google.visualization.DataTable();
data.addColumn('number', 'Number');
data.addColumn('string', 'Method');
data.addColumn('string', 'Class');
data.addColumn('number', 'Time (ms)');
data.addRows(30);
data.setCell(0, 0, 0)
data.setCell(0, 1, 'updateJDFormTest')
data.setCell(0, 2, 'com.rqanrs.qa.testcases.OpenJobToBeAnnotatedPageTest')
data.setCell(0, 3, 180652);
data.setCell(1, 0, 1)
data.setCell(1, 1, 'folderUploadTest')
data.setCell(1, 2, 'com.rqanrs.qa.testcases.ManageResumesPageTest')
data.setCell(1, 3, 86117);
data.setCell(2, 0, 2)
data.setCell(2, 1, 'singleUploadTest')
data.setCell(2, 2, 'com.rqanrs.qa.testcases.ManageResumesPageTest')
data.setCell(2, 3, 36116);
data.setCell(3, 0, 3)
data.setCell(3, 1, 'standardizingJDTest')
data.setCell(3, 2, 'com.rqanrs.qa.testcases.OpenJobToBeAnnotatedPageTest')
data.setCell(3, 3, 20190);
data.setCell(4, 0, 4)
data.setCell(4, 1, 'refreshManageResumesCorpusTest')
data.setCell(4, 2, 'com.rqanrs.qa.testcases.ManageResumesPageTest')
data.setCell(4, 3, 6082);
data.setCell(5, 0, 5)
data.setCell(5, 1, 'deleteResumeTest')
data.setCell(5, 2, 'com.rqanrs.qa.testcases.ManageResumesPageTest')
data.setCell(5, 3, 6077);
data.setCell(6, 0, 6)
data.setCell(6, 1, 'suitabilityTrackerDownloadTest')
data.setCell(6, 2, 'com.rqanrs.qa.testcases.ManageResumesPageTest')
data.setCell(6, 3, 6076);
data.setCell(7, 0, 7)
data.setCell(7, 1, 'moveToGoldTest')
data.setCell(7, 2, 'com.rqanrs.qa.testcases.ManageResumesPageTest')
data.setCell(7, 3, 6075);
data.setCell(8, 0, 8)
data.setCell(8, 1, 'quickTrackerDownloadTest')
data.setCell(8, 2, 'com.rqanrs.qa.testcases.ManageResumesPageTest')
data.setCell(8, 3, 6073);
data.setCell(9, 0, 9)
data.setCell(9, 1, 'addToTrackerTest')
data.setCell(9, 2, 'com.rqanrs.qa.testcases.ManageResumesPageTest')
data.setCell(9, 3, 6069);
data.setCell(10, 0, 10)
data.setCell(10, 1, 'opeingResumeTest')
data.setCell(10, 2, 'com.rqanrs.qa.testcases.ManageResumesPageTest')
data.setCell(10, 3, 6068);
data.setCell(11, 0, 11)
data.setCell(11, 1, 'finishEditingJDTest')
data.setCell(11, 2, 'com.rqanrs.qa.testcases.OpenJobToBeAnnotatedPageTest')
data.setCell(11, 3, 5187);
data.setCell(12, 0, 12)
data.setCell(12, 1, 'savingJDTest')
data.setCell(12, 2, 'com.rqanrs.qa.testcases.OpenJobToBeAnnotatedPageTest')
data.setCell(12, 3, 5073);
data.setCell(13, 0, 13)
data.setCell(13, 1, 'logoutFromAnnotatedTabJDTest')
data.setCell(13, 2, 'com.rqanrs.qa.testcases.OpenJobPageTest')
data.setCell(13, 3, 2115);
data.setCell(14, 0, 14)
data.setCell(14, 1, 'MoveToPipelineFromAnnotatedTabJDTest')
data.setCell(14, 2, 'com.rqanrs.qa.testcases.OpenJobPageTest')
data.setCell(14, 3, 2067);
data.setCell(15, 0, 15)
data.setCell(15, 1, 'backToCorpusFromAnnotatedTabJDTest')
data.setCell(15, 2, 'com.rqanrs.qa.testcases.OpenJobPageTest')
data.setCell(15, 3, 1420);
data.setCell(16, 0, 16)
data.setCell(16, 1, 'loginTest')
data.setCell(16, 2, 'com.rqanrs.qa.testcases.LoginPageTest')
data.setCell(16, 3, 1120);
data.setCell(17, 0, 17)
data.setCell(17, 1, 'loginTest')
data.setCell(17, 2, 'com.rqanrs.qa.testcases.LoginPageTest')
data.setCell(17, 3, 1025);
data.setCell(18, 0, 18)
data.setCell(18, 1, 'backToCorpusFromToBeAnnotatedTabJDTest')
data.setCell(18, 2, 'com.rqanrs.qa.testcases.OpenJobToBeAnnotatedPageTest')
data.setCell(18, 3, 188);
data.setCell(19, 0, 19)
data.setCell(19, 1, 'moveToPipelineFromToBeAnnotatedTabJDTest')
data.setCell(19, 2, 'com.rqanrs.qa.testcases.OpenJobToBeAnnotatedPageTest')
data.setCell(19, 3, 94);
data.setCell(20, 0, 20)
data.setCell(20, 1, 'logoutFromToBeAnnotatedTabJDTest')
data.setCell(20, 2, 'com.rqanrs.qa.testcases.OpenJobToBeAnnotatedPageTest')
data.setCell(20, 3, 89);
data.setCell(21, 0, 21)
data.setCell(21, 1, 'loginPageTitleTest')
data.setCell(21, 2, 'com.rqanrs.qa.testcases.LoginPageTest')
data.setCell(21, 3, 65);
data.setCell(22, 0, 22)
data.setCell(22, 1, 'processJobTest')
data.setCell(22, 2, 'com.rqanrs.qa.testcases.ManageJobsTest')
data.setCell(22, 3, 0);
data.setCell(23, 0, 23)
data.setCell(23, 1, 'trackJobTest')
data.setCell(23, 2, 'com.rqanrs.qa.testcases.ManageJobsTest')
data.setCell(23, 3, 0);
data.setCell(24, 0, 24)
data.setCell(24, 1, 'automatedJobCreationTest')
data.setCell(24, 2, 'com.rqanrs.qa.testcases.ManageJobsTest')
data.setCell(24, 3, 0);
data.setCell(25, 0, 25)
data.setCell(25, 1, 'downloadTrackerTest')
data.setCell(25, 2, 'com.rqanrs.qa.testcases.ManageJobsTest')
data.setCell(25, 3, 0);
data.setCell(26, 0, 26)
data.setCell(26, 1, 'deletingJobTest')
data.setCell(26, 2, 'com.rqanrs.qa.testcases.ManageJobsTest')
data.setCell(26, 3, 0);
data.setCell(27, 0, 27)
data.setCell(27, 1, 'openingJobTest')
data.setCell(27, 2, 'com.rqanrs.qa.testcases.ManageJobsTest')
data.setCell(27, 3, 0);
data.setCell(28, 0, 28)
data.setCell(28, 1, 'manualJobCreationTest')
data.setCell(28, 2, 'com.rqanrs.qa.testcases.ManageJobsTest')
data.setCell(28, 3, 0);
data.setCell(29, 0, 29)
data.setCell(29, 1, 'refreshManageJobsCorpusTest')
data.setCell(29, 2, 'com.rqanrs.qa.testcases.ManageJobsTest')
data.setCell(29, 3, 0);
window.suiteTableData['Rezoomex_Quick_Assessment_and_Ranking_System_Automation']= { tableData: data, tableDiv: 'times-div-Rezoomex_Quick_Assessment_and_Ranking_System_Automation'}
return data;
}
              </script>
              <span class="suite-total-time">Total running time: 6 minutes</span>
              <div id="times-div-Rezoomex_Quick_Assessment_and_Ranking_System_Automation">
              </div> <!-- times-div-Rezoomex_Quick_Assessment_and_Ranking_System_Automation -->
            </div> <!-- times-div -->
          </div> <!-- main-panel-content rounded-window-bottom -->
        </div> <!-- panel -->
        <div panel-name="reporter-Rezoomex_Quick_Assessment_and_Ranking_System_Automation" class="panel">
          <div class="main-panel-header rounded-window-top">
            <span class="header-content">Reporter output for Rezoomex Quick Assessment and Ranking System Automation</span>
          </div> <!-- main-panel-header rounded-window-top -->
          <div class="main-panel-content rounded-window-bottom">
          </div> <!-- main-panel-content rounded-window-bottom -->
        </div> <!-- panel -->
        <div panel-name="ignored-methods-Rezoomex_Quick_Assessment_and_Ranking_System_Automation" class="panel">
          <div class="main-panel-header rounded-window-top">
            <span class="header-content">0 ignored methods</span>
          </div> <!-- main-panel-header rounded-window-top -->
          <div class="main-panel-content rounded-window-bottom">
          </div> <!-- main-panel-content rounded-window-bottom -->
        </div> <!-- panel -->
        <div panel-name="chronological-Rezoomex_Quick_Assessment_and_Ranking_System_Automation" class="panel">
          <div class="main-panel-header rounded-window-top">
            <span class="header-content">Methods in chronological order</span>
          </div> <!-- main-panel-header rounded-window-top -->
          <div class="main-panel-content rounded-window-bottom">
            <div class="chronological-class">
              <div class="chronological-class-name">com.rqanrs.qa.testcases.LoginPageTest</div> <!-- chronological-class-name -->
              <div class="configuration-method before">
                <span class="method-name">setup</span>
                <span class="method-start">0 ms</span>
              </div> <!-- configuration-method before -->
              <div class="test-method">
                <span class="method-name">loginPageTitleTest</span>
                <span class="method-start">11923 ms</span>
              </div> <!-- test-method -->
              <div class="configuration-method after">
                <span class="method-name">tearDown</span>
                <span class="method-start">11990 ms</span>
              </div> <!-- configuration-method after -->
              <div class="configuration-method before">
                <span class="method-name">setup</span>
                <span class="method-start">12778 ms</span>
              </div> <!-- configuration-method before -->
              <div class="test-method">
                <span class="method-name">loginTest(vaishnavi@rezoomex.com, vaishnavi@0363)</span>
                <span class="method-start">29100 ms</span>
              </div> <!-- test-method -->
              <div class="configuration-method after">
                <span class="method-name">tearDown</span>
                <span class="method-start">30222 ms</span>
              </div> <!-- configuration-method after -->
              <div class="configuration-method before">
                <span class="method-name">setup</span>
                <span class="method-start">30357 ms</span>
              </div> <!-- configuration-method before -->
              <div class="test-method">
                <span class="method-name">loginTest(ankit@rezoomex.com, ankit@4625)</span>
                <span class="method-start">40856 ms</span>
              </div> <!-- test-method -->
              <div class="configuration-method after">
                <span class="method-name">tearDown</span>
                <span class="method-start">41883 ms</span>
              </div> <!-- configuration-method after -->
            </div> <!-- chronological-class -->
            <div class="chronological-class">
              <div class="chronological-class-name">com.rqanrs.qa.testcases.ManageJobsTest</div> <!-- chronological-class-name -->
              <div class="configuration-method before">
                <img src="failed.png">
                </img>
                <span class="method-name">setup</span>
                <span class="method-start">42006 ms</span>
              </div> <!-- configuration-method before -->
            </div> <!-- chronological-class -->
            <div class="chronological-class">
              <div class="chronological-class-name">com.rqanrs.qa.testcases.OpenJobPageTest</div> <!-- chronological-class-name -->
              <div class="configuration-method before">
                <span class="method-name">setup</span>
                <span class="method-start">138798 ms</span>
              </div> <!-- configuration-method before -->
              <div class="test-method">
                <span class="method-name">backToCorpusFromAnnotatedTabJDTest</span>
                <span class="method-start">155848 ms</span>
              </div> <!-- test-method -->
              <div class="configuration-method after">
                <span class="method-name">tearDown</span>
                <span class="method-start">157269 ms</span>
              </div> <!-- configuration-method after -->
              <div class="configuration-method before">
                <span class="method-name">setup</span>
                <span class="method-start">157348 ms</span>
              </div> <!-- configuration-method before -->
              <div class="test-method">
                <span class="method-name">logoutFromAnnotatedTabJDTest</span>
                <span class="method-start">171374 ms</span>
              </div> <!-- test-method -->
              <div class="configuration-method after">
                <span class="method-name">tearDown</span>
                <span class="method-start">173490 ms</span>
              </div> <!-- configuration-method after -->
              <div class="configuration-method before">
                <span class="method-name">setup</span>
                <span class="method-start">173587 ms</span>
              </div> <!-- configuration-method before -->
              <div class="test-method">
                <span class="method-name">MoveToPipelineFromAnnotatedTabJDTest</span>
                <span class="method-start">190140 ms</span>
              </div> <!-- test-method -->
              <div class="configuration-method after">
                <span class="method-name">tearDown</span>
                <span class="method-start">192208 ms</span>
              </div> <!-- configuration-method after -->
            </div> <!-- chronological-class -->
            <div class="chronological-class">
              <div class="chronological-class-name">com.rqanrs.qa.testcases.OpenJobToBeAnnotatedPageTest</div> <!-- chronological-class-name -->
              <div class="configuration-method before">
                <span class="method-name">setup</span>
                <span class="method-start">192277 ms</span>
              </div> <!-- configuration-method before -->
              <div class="test-method">
                <span class="method-name">savingJDTest</span>
                <span class="method-start">209716 ms</span>
              </div> <!-- test-method -->
              <div class="configuration-method after">
                <span class="method-name">tearDown</span>
                <span class="method-start">214790 ms</span>
              </div> <!-- configuration-method after -->
              <div class="configuration-method before">
                <span class="method-name">setup</span>
                <span class="method-start">214870 ms</span>
              </div> <!-- configuration-method before -->
              <div class="test-method">
                <span class="method-name">finishEditingJDTest</span>
                <span class="method-start">228456 ms</span>
              </div> <!-- test-method -->
              <div class="configuration-method after">
                <span class="method-name">tearDown</span>
                <span class="method-start">233644 ms</span>
              </div> <!-- configuration-method after -->
              <div class="configuration-method before">
                <span class="method-name">setup</span>
                <span class="method-start">233722 ms</span>
              </div> <!-- configuration-method before -->
              <div class="test-method">
                <span class="method-name">standardizingJDTest</span>
                <span class="method-start">247241 ms</span>
              </div> <!-- test-method -->
              <div class="configuration-method after">
                <span class="method-name">tearDown</span>
                <span class="method-start">267431 ms</span>
              </div> <!-- configuration-method after -->
              <div class="configuration-method before">
                <span class="method-name">setup</span>
                <span class="method-start">267515 ms</span>
              </div> <!-- configuration-method before -->
              <div class="test-method">
                <span class="method-name">updateJDFormTest</span>
                <span class="method-start">283016 ms</span>
              </div> <!-- test-method -->
              <div class="configuration-method after">
                <span class="method-name">tearDown</span>
                <span class="method-start">463669 ms</span>
              </div> <!-- configuration-method after -->
              <div class="configuration-method before">
                <span class="method-name">setup</span>
                <span class="method-start">463738 ms</span>
              </div> <!-- configuration-method before -->
              <div class="test-method">
                <span class="method-name">backToCorpusFromToBeAnnotatedTabJDTest</span>
                <span class="method-start">479421 ms</span>
              </div> <!-- test-method -->
              <div class="configuration-method after">
                <span class="method-name">tearDown</span>
                <span class="method-start">479610 ms</span>
              </div> <!-- configuration-method after -->
              <div class="configuration-method before">
                <span class="method-name">setup</span>
                <span class="method-start">479689 ms</span>
              </div> <!-- configuration-method before -->
              <div class="test-method">
                <span class="method-name">moveToPipelineFromToBeAnnotatedTabJDTest</span>
                <span class="method-start">493624 ms</span>
              </div> <!-- test-method -->
              <div class="configuration-method after">
                <span class="method-name">tearDown</span>
                <span class="method-start">493719 ms</span>
              </div> <!-- configuration-method after -->
              <div class="configuration-method before">
                <span class="method-name">setup</span>
                <span class="method-start">493796 ms</span>
              </div> <!-- configuration-method before -->
              <div class="test-method">
                <span class="method-name">logoutFromToBeAnnotatedTabJDTest</span>
                <span class="method-start">506164 ms</span>
              </div> <!-- test-method -->
              <div class="configuration-method after">
                <span class="method-name">tearDown</span>
                <span class="method-start">506254 ms</span>
              </div> <!-- configuration-method after -->
            </div> <!-- chronological-class -->
            <div class="chronological-class">
              <div class="chronological-class-name">com.rqanrs.qa.testcases.ManageResumesPageTest</div> <!-- chronological-class-name -->
              <div class="configuration-method before">
                <span class="method-name">setup</span>
                <span class="method-start">506330 ms</span>
              </div> <!-- configuration-method before -->
              <div class="test-method">
                <span class="method-name">folderUploadTest</span>
                <span class="method-start">523305 ms</span>
              </div> <!-- test-method -->
              <div class="configuration-method after">
                <span class="method-name">tearDown</span>
                <span class="method-start">609423 ms</span>
              </div> <!-- configuration-method after -->
              <div class="configuration-method before">
                <span class="method-name">setup</span>
                <span class="method-start">609494 ms</span>
              </div> <!-- configuration-method before -->
              <div class="test-method">
                <span class="method-name">singleUploadTest</span>
                <span class="method-start">628582 ms</span>
              </div> <!-- test-method -->
              <div class="configuration-method after">
                <span class="method-name">tearDown</span>
                <span class="method-start">664699 ms</span>
              </div> <!-- configuration-method after -->
              <div class="configuration-method before">
                <span class="method-name">setup</span>
                <span class="method-start">664770 ms</span>
              </div> <!-- configuration-method before -->
              <div class="test-method">
                <span class="method-name">refreshManageResumesCorpusTest</span>
                <span class="method-start">682844 ms</span>
              </div> <!-- test-method -->
              <div class="configuration-method after">
                <span class="method-name">tearDown</span>
                <span class="method-start">688927 ms</span>
              </div> <!-- configuration-method after -->
              <div class="configuration-method before">
                <span class="method-name">setup</span>
                <span class="method-start">688997 ms</span>
              </div> <!-- configuration-method before -->
              <div class="test-method">
                <span class="method-name">quickTrackerDownloadTest</span>
                <span class="method-start">707934 ms</span>
              </div> <!-- test-method -->
              <div class="configuration-method after">
                <span class="method-name">tearDown</span>
                <span class="method-start">714007 ms</span>
              </div> <!-- configuration-method after -->
              <div class="configuration-method before">
                <span class="method-name">setup</span>
                <span class="method-start">714079 ms</span>
              </div> <!-- configuration-method before -->
              <div class="test-method">
                <span class="method-name">suitabilityTrackerDownloadTest</span>
                <span class="method-start">731769 ms</span>
              </div> <!-- test-method -->
              <div class="configuration-method after">
                <span class="method-name">tearDown</span>
                <span class="method-start">737845 ms</span>
              </div> <!-- configuration-method after -->
              <div class="configuration-method before">
                <span class="method-name">setup</span>
                <span class="method-start">737918 ms</span>
              </div> <!-- configuration-method before -->
              <div class="test-method">
                <span class="method-name">addToTrackerTest</span>
                <span class="method-start">754870 ms</span>
              </div> <!-- test-method -->
              <div class="configuration-method after">
                <span class="method-name">tearDown</span>
                <span class="method-start">760939 ms</span>
              </div> <!-- configuration-method after -->
              <div class="configuration-method before">
                <span class="method-name">setup</span>
                <span class="method-start">761017 ms</span>
              </div> <!-- configuration-method before -->
              <div class="test-method">
                <span class="method-name">deleteResumeTest</span>
                <span class="method-start">778860 ms</span>
              </div> <!-- test-method -->
              <div class="configuration-method after">
                <span class="method-name">tearDown</span>
                <span class="method-start">784938 ms</span>
              </div> <!-- configuration-method after -->
              <div class="configuration-method before">
                <span class="method-name">setup</span>
                <span class="method-start">785021 ms</span>
              </div> <!-- configuration-method before -->
              <div class="test-method">
                <span class="method-name">moveToGoldTest</span>
                <span class="method-start">802951 ms</span>
              </div> <!-- test-method -->
              <div class="configuration-method after">
                <span class="method-name">tearDown</span>
                <span class="method-start">809026 ms</span>
              </div> <!-- configuration-method after -->
              <div class="configuration-method before">
                <span class="method-name">setup</span>
                <span class="method-start">809096 ms</span>
              </div> <!-- configuration-method before -->
              <div class="test-method">
                <span class="method-name">opeingResumeTest</span>
                <span class="method-start">827818 ms</span>
              </div> <!-- test-method -->
              <div class="configuration-method after">
                <span class="method-name">tearDown</span>
                <span class="method-start">833886 ms</span>
              </div> <!-- configuration-method after -->
            </div> <!-- chronological-class -->
            <div class="chronological-class">
              <div class="chronological-class-name">com.rqanrs.qa.testcases.ManageJobsTest</div> <!-- chronological-class-name -->
              <div class="test-method">
                <span class="method-name">automatedJobCreationTest</span>
                <span class="method-start">-1544697505437 ms</span>
              </div> <!-- test-method -->
              <div class="test-method">
                <span class="method-name">manualJobCreationTest</span>
                <span class="method-start">-1544697505437 ms</span>
              </div> <!-- test-method -->
              <div class="test-method">
                <span class="method-name">processJobTest</span>
                <span class="method-start">-1544697505437 ms</span>
              </div> <!-- test-method -->
              <div class="test-method">
                <span class="method-name">refreshManageJobsCorpusTest</span>
                <span class="method-start">-1544697505437 ms</span>
              </div> <!-- test-method -->
              <div class="test-method">
                <span class="method-name">trackJobTest</span>
                <span class="method-start">-1544697505437 ms</span>
              </div> <!-- test-method -->
              <div class="test-method">
                <span class="method-name">downloadTrackerTest</span>
                <span class="method-start">-1544697505437 ms</span>
              </div> <!-- test-method -->
              <div class="test-method">
                <span class="method-name">deletingJobTest</span>
                <span class="method-start">-1544697505437 ms</span>
              </div> <!-- test-method -->
              <div class="test-method">
                <span class="method-name">openingJobTest</span>
                <span class="method-start">-1544697505437 ms</span>
              </div> <!-- test-method -->
          </div> <!-- main-panel-content rounded-window-bottom -->
        </div> <!-- panel -->
      </div> <!-- main-panel-root -->
    </div> <!-- wrapper -->
  </body>
</html>
