<?xml version="1.0" encoding="UTF-8"?>
<!-- Generated by org.testng.reporters.JUnitReportReporter -->
<<<<<<< HEAD
<testsuite skipped="9" hostname="ULTP-478" name="com.rqanrs.qa.testcases.ManageResumesPageTest" tests="10" failures="0" timestamp="27 Dec 2018 07:15:20 GMT" time="22.189" errors="1">
  <testcase name="setup" time="22.189" classname="com.rqanrs.qa.testcases.ManageResumesPageTest">
    <error type="org.openqa.selenium.TimeoutException" message="timeout
  (Session info: chrome=63.0.3239.132)
  (Driver info: chromedriver=2.35.528139 (47ead77cb35ad2a9a83248b292151462a66cd881),platform=Linux 4.4.0-93-generic x86_64) (WARNING: The server did not provide any stacktrace information)
Command duration or timeout: 0 milliseconds
Build info: version: &#039;3.141.59&#039;, revision: &#039;e82be7d358&#039;, time: &#039;2018-11-14T08:17:03&#039;
System info: host: &#039;ULTP-478&#039;, ip: &#039;127.0.0.1&#039;, os.name: &#039;Linux&#039;, os.arch: &#039;amd64&#039;, os.version: &#039;4.4.0-93-generic&#039;, java.version: &#039;1.8.0_171&#039;
Driver info: org.openqa.selenium.chrome.ChromeDriver
Capabilities {acceptInsecureCerts: false, acceptSslCerts: false, applicationCacheEnabled: false, browserConnectionEnabled: false, browserName: chrome, chrome: {chromedriverVersion: 2.35.528139 (47ead77cb35ad2..., userDataDir: /tmp/.org.chromium.Chromium...}, cssSelectorsEnabled: true, databaseEnabled: false, handlesAlerts: true, hasTouchScreen: false, javascriptEnabled: true, locationContextEnabled: true, mobileEmulationEnabled: false, nativeEvents: true, networkConnectionEnabled: false, pageLoadStrategy: normal, platform: LINUX, platformName: LINUX, rotatable: false, setWindowRect: true, takesHeapSnapshot: true, takesScreenshot: true, unexpectedAlertBehaviour: , unhandledPromptBehavior: , version: 63.0.3239.132, webStorageEnabled: true}
Session ID: eac34120fb75637ac6afec66bec8f568">
      <![CDATA[org.openqa.selenium.TimeoutException: timeout
  (Session info: chrome=63.0.3239.132)
  (Driver info: chromedriver=2.35.528139 (47ead77cb35ad2a9a83248b292151462a66cd881),platform=Linux 4.4.0-93-generic x86_64) (WARNING: The server did not provide any stacktrace information)
Command duration or timeout: 0 milliseconds
Build info: version: '3.141.59', revision: 'e82be7d358', time: '2018-11-14T08:17:03'
System info: host: 'ULTP-478', ip: '127.0.0.1', os.name: 'Linux', os.arch: 'amd64', os.version: '4.4.0-93-generic', java.version: '1.8.0_171'
Driver info: org.openqa.selenium.chrome.ChromeDriver
Capabilities {acceptInsecureCerts: false, acceptSslCerts: false, applicationCacheEnabled: false, browserConnectionEnabled: false, browserName: chrome, chrome: {chromedriverVersion: 2.35.528139 (47ead77cb35ad2..., userDataDir: /tmp/.org.chromium.Chromium...}, cssSelectorsEnabled: true, databaseEnabled: false, handlesAlerts: true, hasTouchScreen: false, javascriptEnabled: true, locationContextEnabled: true, mobileEmulationEnabled: false, nativeEvents: true, networkConnectionEnabled: false, pageLoadStrategy: normal, platform: LINUX, platformName: LINUX, rotatable: false, setWindowRect: true, takesHeapSnapshot: true, takesScreenshot: true, unexpectedAlertBehaviour: , unhandledPromptBehavior: , version: 63.0.3239.132, webStorageEnabled: true}
Session ID: eac34120fb75637ac6afec66bec8f568
at sun.reflect.NativeConstructorAccessorImpl.newInstance0(Native Method)
at sun.reflect.NativeConstructorAccessorImpl.newInstance(NativeConstructorAccessorImpl.java:62)
at sun.reflect.DelegatingConstructorAccessorImpl.newInstance(DelegatingConstructorAccessorImpl.java:45)
at java.lang.reflect.Constructor.newInstance(Constructor.java:423)
at org.openqa.selenium.remote.ErrorHandler.createThrowable(ErrorHandler.java:214)
at org.openqa.selenium.remote.ErrorHandler.throwIfResponseFailed(ErrorHandler.java:166)
at org.openqa.selenium.remote.http.JsonHttpResponseCodec.reconstructValue(JsonHttpResponseCodec.java:40)
at org.openqa.selenium.remote.http.AbstractHttpResponseCodec.decode(AbstractHttpResponseCodec.java:80)
at org.openqa.selenium.remote.http.AbstractHttpResponseCodec.decode(AbstractHttpResponseCodec.java:44)
at org.openqa.selenium.remote.HttpCommandExecutor.execute(HttpCommandExecutor.java:158)
at org.openqa.selenium.remote.service.DriverCommandExecutor.execute(DriverCommandExecutor.java:83)
at org.openqa.selenium.remote.RemoteWebDriver.execute(RemoteWebDriver.java:552)
at org.openqa.selenium.remote.RemoteWebDriver.get(RemoteWebDriver.java:277)
at sun.reflect.NativeMethodAccessorImpl.invoke0(Native Method)
at sun.reflect.NativeMethodAccessorImpl.invoke(NativeMethodAccessorImpl.java:62)
at sun.reflect.DelegatingMethodAccessorImpl.invoke(DelegatingMethodAccessorImpl.java:43)
at java.lang.reflect.Method.invoke(Method.java:498)
at org.openqa.selenium.support.events.EventFiringWebDriver.lambda$new$1(EventFiringWebDriver.java:105)
at com.sun.proxy.$Proxy8.get(Unknown Source)
at org.openqa.selenium.support.events.EventFiringWebDriver.get(EventFiringWebDriver.java:165)
at com.rqanrs.qa.base.Testbase.initialization(Testbase.java:70)
at com.rqanrs.qa.testcases.ManageResumesPageTest.setup(ManageResumesPageTest.java:30)
at sun.reflect.NativeMethodAccessorImpl.invoke0(Native Method)
at sun.reflect.NativeMethodAccessorImpl.invoke(NativeMethodAccessorImpl.java:62)
at sun.reflect.DelegatingMethodAccessorImpl.invoke(DelegatingMethodAccessorImpl.java:43)
at java.lang.reflect.Method.invoke(Method.java:498)
at org.testng.internal.MethodInvocationHelper.invokeMethod(MethodInvocationHelper.java:124)
at org.testng.internal.MethodInvocationHelper.invokeMethodConsideringTimeout(MethodInvocationHelper.java:59)
at org.testng.internal.Invoker.invokeConfigurationMethod(Invoker.java:455)
at org.testng.internal.Invoker.invokeConfigurations(Invoker.java:222)
at org.testng.internal.Invoker.invokeMethod(Invoker.java:520)
at org.testng.internal.Invoker.invokeTestMethod(Invoker.java:716)
at org.testng.internal.Invoker.invokeTestMethods(Invoker.java:988)
at org.testng.internal.TestMethodWorker.invokeTestMethods(TestMethodWorker.java:125)
at org.testng.internal.TestMethodWorker.run(TestMethodWorker.java:109)
at org.testng.TestRunner.privateRun(TestRunner.java:648)
at org.testng.TestRunner.run(TestRunner.java:505)
at org.testng.SuiteRunner.runTest(SuiteRunner.java:455)
at org.testng.SuiteRunner.runSequentially(SuiteRunner.java:450)
at org.testng.SuiteRunner.privateRun(SuiteRunner.java:415)
at org.testng.SuiteRunner.run(SuiteRunner.java:364)
at org.testng.SuiteRunnerWorker.runSuite(SuiteRunnerWorker.java:52)
at org.testng.SuiteRunnerWorker.run(SuiteRunnerWorker.java:84)
at org.testng.TestNG.runSuitesSequentially(TestNG.java:1208)
at org.testng.TestNG.runSuitesLocally(TestNG.java:1137)
at org.testng.TestNG.runSuites(TestNG.java:1049)
at org.testng.TestNG.run(TestNG.java:1017)
at org.testng.remote.AbstractRemoteTestNG.run(AbstractRemoteTestNG.java:114)
at org.testng.remote.RemoteTestNG.initAndRun(RemoteTestNG.java:251)
at org.testng.remote.RemoteTestNG.main(RemoteTestNG.java:77)
]]>
    </error>
  </testcase> <!-- setup -->
  <testcase name="folderUploadTest" time="0.000" classname="com.rqanrs.qa.testcases.ManageResumesPageTest">
    <skipped/>
  </testcase> <!-- folderUploadTest -->
  <testcase name="singleUploadTest" time="0.000" classname="com.rqanrs.qa.testcases.ManageResumesPageTest">
    <skipped/>
  </testcase> <!-- singleUploadTest -->
  <testcase name="refreshManageResumesCorpusTest" time="0.000" classname="com.rqanrs.qa.testcases.ManageResumesPageTest">
    <skipped/>
  </testcase> <!-- refreshManageResumesCorpusTest -->
  <testcase name="quickTrackerDownloadTest" time="0.000" classname="com.rqanrs.qa.testcases.ManageResumesPageTest">
    <skipped/>
  </testcase> <!-- quickTrackerDownloadTest -->
  <testcase name="suitabilityTrackerDownloadTest" time="0.000" classname="com.rqanrs.qa.testcases.ManageResumesPageTest">
    <skipped/>
  </testcase> <!-- suitabilityTrackerDownloadTest -->
  <testcase name="addToTrackerTest" time="0.000" classname="com.rqanrs.qa.testcases.ManageResumesPageTest">
    <skipped/>
  </testcase> <!-- addToTrackerTest -->
  <testcase name="deleteResumeTest" time="0.000" classname="com.rqanrs.qa.testcases.ManageResumesPageTest">
    <skipped/>
  </testcase> <!-- deleteResumeTest -->
  <testcase name="moveToGoldTest" time="0.000" classname="com.rqanrs.qa.testcases.ManageResumesPageTest">
    <skipped/>
  </testcase> <!-- moveToGoldTest -->
  <testcase name="opeingResumeTest" time="0.000" classname="com.rqanrs.qa.testcases.ManageResumesPageTest">
    <skipped/>
  </testcase> <!-- opeingResumeTest -->
=======
<testsuite skipped="0" hostname="ULTP-478" name="com.rqanrs.qa.testcases.ManageResumesPageTest" tests="9" failures="0" timestamp="20 Dec 2018 05:23:10 GMT" time="316.944" errors="0">
  <testcase name="folderUploadTest" time="103.216" classname="com.rqanrs.qa.testcases.ManageResumesPageTest"/>
  <testcase name="singleUploadTest" time="53.378" classname="com.rqanrs.qa.testcases.ManageResumesPageTest"/>
  <testcase name="refreshManageResumesCorpusTest" time="23.154" classname="com.rqanrs.qa.testcases.ManageResumesPageTest"/>
  <testcase name="quickTrackerDownloadTest" time="22.415" classname="com.rqanrs.qa.testcases.ManageResumesPageTest"/>
  <testcase name="suitabilityTrackerDownloadTest" time="22.416" classname="com.rqanrs.qa.testcases.ManageResumesPageTest"/>
  <testcase name="addToTrackerTest" time="22.660" classname="com.rqanrs.qa.testcases.ManageResumesPageTest"/>
  <testcase name="deleteResumeTest" time="23.139" classname="com.rqanrs.qa.testcases.ManageResumesPageTest"/>
  <testcase name="moveToGoldTest" time="23.438" classname="com.rqanrs.qa.testcases.ManageResumesPageTest"/>
  <testcase name="opeingResumeTest" time="23.128" classname="com.rqanrs.qa.testcases.ManageResumesPageTest"/>
>>>>>>> 7709bb3358aabaa72be3e01167ab72837d0b2e47
</testsuite> <!-- com.rqanrs.qa.testcases.ManageResumesPageTest -->
